0 verbose cli /usr/bin/node /usr/bin/npm
1 info using npm@9.6.0
2 info using node@v18.14.2
3 timing npm:load:whichnode Completed in 1ms
4 timing config:load:defaults Completed in 1ms
5 timing config:load:file:/usr/lib/node_modules/npm/npmrc Completed in 0ms
6 timing config:load:builtin Completed in 0ms
7 timing config:load:cli Completed in 1ms
8 timing config:load:env Completed in 0ms
9 timing config:load:file:/home/i/repos/trade-wars-2002-color-theme/.npmrc Completed in 0ms
10 timing config:load:project Completed in 1ms
11 timing config:load:file:/home/i/.npmrc Completed in 0ms
12 timing config:load:user Completed in 1ms
13 timing config:load:file:/usr/etc/npmrc Completed in 4ms
14 timing config:load:global Completed in 4ms
15 timing config:load:setEnvs Completed in 0ms
16 timing config:load Completed in 10ms
17 timing npm:load:configload Completed in 11ms
18 timing npm:load:mkdirpcache Completed in 1ms
19 timing npm:load:mkdirplogs Completed in 0ms
20 verbose title npm show @vscode/vsce version
21 verbose argv "show" "@vscode/vsce" "version"
22 timing npm:load:setTitle Completed in 1ms
23 timing config:load:flatten Completed in 3ms
24 timing npm:load:display Completed in 4ms
25 verbose logfile logs-max:10 dir:/home/i/.npm/_logs/2023-03-09T04_37_15_015Z-
26 verbose logfile /home/i/.npm/_logs/2023-03-09T04_37_15_015Z-debug-0.log
27 timing npm:load:logFile Completed in 4ms
28 timing npm:load:timers Completed in 0ms
29 timing npm:load:configScope Completed in 0ms
30 timing npm:load Completed in 22ms
31 silly logfile start cleaning logs, removing 3 files
32 silly logfile done cleaning log files
33 http fetch GET 200 https://registry.npmjs.org/@vscode%2fvsce 1025ms (cache revalidated)
34 timing command:show Completed in 1036ms
35 verbose exit 0
36 timing npm Completed in 1068ms
37 info ok
