2023-03-08 06:32:21.101 [info] Added views:workbench.panel.markers.view in workbench.panel.markers
2023-03-08 06:32:21.101 [info] Added views:workbench.panel.output in workbench.panel.output
2023-03-08 06:32:21.101 [info] Added views:terminal in terminal
2023-03-08 06:32:21.101 [info] Added views:outline in workbench.view.explorer
2023-03-08 06:32:21.101 [info] Added views:workbench.scm in workbench.view.scm
2023-03-08 06:32:21.101 [info] Added views:workbench.view.search in workbench.view.search
2023-03-08 06:32:21.101 [info] Added views:timeline in workbench.view.explorer
2023-03-08 06:32:21.101 [info] Added views:workbench.explorer.fileView in workbench.view.explorer
2023-03-08 06:32:21.818 [info] Added views:workbench.debug.variablesView,workbench.debug.watchExpressionsView,workbench.debug.callStackView,workbench.debug.breakPointsView in workbench.view.debug
2023-03-08 06:32:22.230 [info] Added views:workbench.panel.repl.view in workbench.panel.repl
2023-03-08 07:02:26.299 [info] Added views:workbench.debug.loadedScriptsView in workbench.view.debug
2023-03-08 07:02:28.505 [info] Added views:jsBrowserBreakpoints in workbench.view.debug
2023-03-08 07:02:39.214 [info] Removed views:workbench.debug.loadedScriptsView from workbench.view.debug
2023-03-08 07:14:36.114 [info] Added views:workbench.panel.markers.view in workbench.panel.markers
2023-03-08 07:14:36.114 [info] Added views:workbench.panel.output in workbench.panel.output
2023-03-08 07:14:36.114 [info] Added views:terminal in terminal
2023-03-08 07:14:36.114 [info] Added views:outline in workbench.view.explorer
2023-03-08 07:14:36.114 [info] Added views:workbench.scm in workbench.view.scm
2023-03-08 07:14:36.114 [info] Added views:workbench.view.search in workbench.view.search
2023-03-08 07:14:36.114 [info] Added views:timeline in workbench.view.explorer
2023-03-08 07:14:36.114 [info] Added views:workbench.explorer.fileView in workbench.view.explorer
2023-03-08 07:14:36.419 [info] Added views:workbench.debug.variablesView,workbench.debug.watchExpressionsView,workbench.debug.callStackView,workbench.debug.breakPointsView in workbench.view.debug
2023-03-08 07:14:37.668 [info] Added views:workbench.panel.repl.view in workbench.panel.repl
2023-03-08 07:20:18.714 [info] Added views:workbench.panel.markers.view in workbench.panel.markers
2023-03-08 07:20:18.714 [info] Added views:workbench.panel.output in workbench.panel.output
2023-03-08 07:20:18.714 [info] Added views:terminal in terminal
2023-03-08 07:20:18.714 [info] Added views:outline in workbench.view.explorer
2023-03-08 07:20:18.714 [info] Added views:workbench.scm in workbench.view.scm
2023-03-08 07:20:18.714 [info] Added views:workbench.view.search in workbench.view.search
2023-03-08 07:20:18.714 [info] Added views:timeline in workbench.view.explorer
2023-03-08 07:20:18.714 [info] Added views:workbench.explorer.fileView in workbench.view.explorer
2023-03-08 07:20:19.026 [info] Added views:workbench.debug.variablesView,workbench.debug.watchExpressionsView,workbench.debug.callStackView,workbench.debug.breakPointsView in workbench.view.debug
2023-03-08 07:20:20.148 [info] Added views:workbench.panel.repl.view in workbench.panel.repl
2023-03-08 07:24:32.452 [info] Added views:workbench.panel.markers.view in workbench.panel.markers
2023-03-08 07:24:32.452 [info] Added views:workbench.panel.output in workbench.panel.output
2023-03-08 07:24:32.452 [info] Added views:terminal in terminal
2023-03-08 07:24:32.452 [info] Added views:outline in workbench.view.explorer
2023-03-08 07:24:32.452 [info] Added views:workbench.scm in workbench.view.scm
2023-03-08 07:24:32.452 [info] Added views:workbench.view.search in workbench.view.search
2023-03-08 07:24:32.452 [info] Added views:timeline in workbench.view.explorer
2023-03-08 07:24:32.452 [info] Added views:workbench.explorer.fileView in workbench.view.explorer
2023-03-08 07:24:32.868 [info] Added views:workbench.debug.variablesView,workbench.debug.watchExpressionsView,workbench.debug.callStackView,workbench.debug.breakPointsView in workbench.view.debug
2023-03-08 07:24:34.031 [info] Added views:workbench.panel.repl.view in workbench.panel.repl
2023-03-08 07:34:46.308 [info] Added views:workbench.panel.markers.view in workbench.panel.markers
2023-03-08 07:34:46.308 [info] Added views:workbench.panel.output in workbench.panel.output
2023-03-08 07:34:46.308 [info] Added views:terminal in terminal
2023-03-08 07:34:46.308 [info] Added views:outline in workbench.view.explorer
2023-03-08 07:34:46.308 [info] Added views:workbench.scm in workbench.view.scm
2023-03-08 07:34:46.308 [info] Added views:workbench.view.search in workbench.view.search
2023-03-08 07:34:46.308 [info] Added views:timeline in workbench.view.explorer
2023-03-08 07:34:46.308 [info] Added views:workbench.explorer.fileView in workbench.view.explorer
2023-03-08 07:34:46.687 [info] Added views:workbench.debug.variablesView,workbench.debug.watchExpressionsView,workbench.debug.callStackView,workbench.debug.breakPointsView in workbench.view.debug
2023-03-08 07:34:47.647 [info] Added views:workbench.panel.repl.view in workbench.panel.repl
2023-03-08 23:08:14.617 [info] Added views:workbench.panel.markers.view in workbench.panel.markers
2023-03-08 23:08:14.617 [info] Added views:workbench.panel.output in workbench.panel.output
2023-03-08 23:08:14.617 [info] Added views:terminal in terminal
2023-03-08 23:08:14.617 [info] Added views:outline in workbench.view.explorer
2023-03-08 23:08:14.618 [info] Added views:workbench.scm in workbench.view.scm
2023-03-08 23:08:14.618 [info] Added views:workbench.view.search in workbench.view.search
2023-03-08 23:08:14.618 [info] Added views:timeline in workbench.view.explorer
2023-03-08 23:08:14.618 [info] Added views:workbench.explorer.fileView in workbench.view.explorer
2023-03-08 23:08:14.849 [info] Added views:workbench.debug.variablesView,workbench.debug.watchExpressionsView,workbench.debug.callStackView,workbench.debug.breakPointsView in workbench.view.debug
2023-03-08 23:08:15.874 [info] Added views:workbench.panel.repl.view in workbench.panel.repl
2023-03-08 23:18:12.326 [info] Added views:workbench.panel.markers.view in workbench.panel.markers
2023-03-08 23:18:12.327 [info] Added views:workbench.panel.output in workbench.panel.output
2023-03-08 23:18:12.327 [info] Added views:terminal in terminal
2023-03-08 23:18:12.327 [info] Added views:outline in workbench.view.explorer
2023-03-08 23:18:12.327 [info] Added views:workbench.scm in workbench.view.scm
2023-03-08 23:18:12.327 [info] Added views:workbench.view.search in workbench.view.search
2023-03-08 23:18:12.327 [info] Added views:timeline in workbench.view.explorer
2023-03-08 23:18:12.327 [info] Added views:workbench.explorer.fileView in workbench.view.explorer
2023-03-08 23:18:12.594 [info] Added views:workbench.debug.variablesView,workbench.debug.watchExpressionsView,workbench.debug.callStackView,workbench.debug.breakPointsView in workbench.view.debug
2023-03-08 23:18:13.482 [info] Added views:workbench.panel.repl.view in workbench.panel.repl
2023-03-08 23:22:01.924 [info] Added views:workbench.panel.markers.view in workbench.panel.markers
2023-03-08 23:22:01.925 [info] Added views:workbench.panel.output in workbench.panel.output
2023-03-08 23:22:01.925 [info] Added views:terminal in terminal
2023-03-08 23:22:01.925 [info] Added views:outline in workbench.view.explorer
2023-03-08 23:22:01.925 [info] Added views:workbench.scm in workbench.view.scm
2023-03-08 23:22:01.925 [info] Added views:workbench.view.search in workbench.view.search
2023-03-08 23:22:01.925 [info] Added views:timeline in workbench.view.explorer
2023-03-08 23:22:01.925 [info] Added views:workbench.explorer.fileView in workbench.view.explorer
2023-03-08 23:22:02.609 [info] Added views:workbench.debug.variablesView,workbench.debug.watchExpressionsView,workbench.debug.callStackView,workbench.debug.breakPointsView in workbench.view.debug
2023-03-08 23:22:02.662 [info] Added views:workbench.panel.repl.view in workbench.panel.repl
2023-03-08 23:26:24.765 [info] Added views:workbench.panel.markers.view in workbench.panel.markers
2023-03-08 23:26:24.765 [info] Added views:workbench.panel.output in workbench.panel.output
2023-03-08 23:26:24.765 [info] Added views:terminal in terminal
2023-03-08 23:26:24.765 [info] Added views:outline in workbench.view.explorer
2023-03-08 23:26:24.765 [info] Added views:workbench.scm in workbench.view.scm
2023-03-08 23:26:24.765 [info] Added views:workbench.view.search in workbench.view.search
2023-03-08 23:26:24.765 [info] Added views:timeline in workbench.view.explorer
2023-03-08 23:26:24.765 [info] Added views:workbench.explorer.fileView in workbench.view.explorer
2023-03-08 23:26:25.008 [info] Added views:workbench.debug.variablesView,workbench.debug.watchExpressionsView,workbench.debug.callStackView,workbench.debug.breakPointsView in workbench.view.debug
2023-03-08 23:26:25.845 [info] Added views:workbench.panel.repl.view in workbench.panel.repl
2023-03-08 23:28:14.040 [info] Added views:workbench.panel.markers.view in workbench.panel.markers
2023-03-08 23:28:14.040 [info] Added views:workbench.panel.output in workbench.panel.output
2023-03-08 23:28:14.040 [info] Added views:terminal in terminal
2023-03-08 23:28:14.040 [info] Added views:outline in workbench.view.explorer
2023-03-08 23:28:14.040 [info] Added views:workbench.scm in workbench.view.scm
2023-03-08 23:28:14.040 [info] Added views:workbench.view.search in workbench.view.search
2023-03-08 23:28:14.040 [info] Added views:timeline in workbench.view.explorer
2023-03-08 23:28:14.040 [info] Added views:workbench.explorer.fileView in workbench.view.explorer
2023-03-08 23:28:14.641 [info] Added views:workbench.debug.variablesView,workbench.debug.watchExpressionsView,workbench.debug.callStackView,workbench.debug.breakPointsView in workbench.view.debug
2023-03-08 23:28:14.706 [info] Added views:workbench.panel.repl.view in workbench.panel.repl
2023-03-08 23:31:04.816 [info] Added views:workbench.panel.markers.view in workbench.panel.markers
2023-03-08 23:31:04.816 [info] Added views:workbench.panel.output in workbench.panel.output
2023-03-08 23:31:04.816 [info] Added views:terminal in terminal
2023-03-08 23:31:04.816 [info] Added views:outline in workbench.view.explorer
2023-03-08 23:31:04.816 [info] Added views:workbench.scm in workbench.view.scm
2023-03-08 23:31:04.816 [info] Added views:workbench.view.search in workbench.view.search
2023-03-08 23:31:04.816 [info] Added views:timeline in workbench.view.explorer
2023-03-08 23:31:04.816 [info] Added views:workbench.explorer.fileView in workbench.view.explorer
2023-03-08 23:31:05.053 [info] Added views:workbench.debug.variablesView,workbench.debug.watchExpressionsView,workbench.debug.callStackView,workbench.debug.breakPointsView in workbench.view.debug
2023-03-08 23:31:05.859 [info] Added views:workbench.panel.repl.view in workbench.panel.repl
