2023-03-08 06:32:26.195 [info] Log level: Info
2023-03-08 06:32:26.195 [info] Validating found git in: "git"
2023-03-08 06:32:26.195 [info] Using git "2.39.2" from "git"
2023-03-08 06:32:26.195 [info] > git rev-parse --show-toplevel [7ms]
2023-03-08 06:32:26.215 [info] > git rev-parse --git-dir --git-common-dir [11ms]
2023-03-08 06:32:26.227 [info] Open repository: /home/i/repos/trade-wars-2002-color-theme
2023-03-08 06:32:26.251 [info] > git rev-parse --show-toplevel [13ms]
2023-03-08 06:32:26.262 [info] > git config --get commit.template [12ms]
2023-03-08 06:32:26.277 [info] > git rev-parse --show-toplevel [16ms]
2023-03-08 06:32:26.289 [info] > git for-each-ref --format=%(refname)%00%(upstream:short)%00%(objectname)%00%(upstream:track)%00%(upstream:remotename)%00%(upstream:remoteref) refs/heads/trunk refs/remotes/trunk [16ms]
2023-03-08 06:32:26.299 [info] > git rev-parse --show-toplevel [12ms]
2023-03-08 06:32:26.308 [info] > git status -z -uall [11ms]
2023-03-08 06:32:26.325 [info] > git rev-parse --show-toplevel [19ms]
2023-03-08 06:32:26.340 [info] > git rev-parse --show-toplevel [5ms]
2023-03-08 06:32:26.342 [info] > git config --get commit.template [17ms]
2023-03-08 06:32:26.352 [info] > git for-each-ref --format=%(refname)%00%(upstream:short)%00%(objectname)%00%(upstream:track)%00%(upstream:remotename)%00%(upstream:remoteref) refs/heads/trunk refs/remotes/trunk [2ms]
2023-03-08 06:32:26.369 [info] > git status -z -uall [8ms]
2023-03-08 06:32:26.769 [info] > git check-ignore -v -z --stdin [5ms]
2023-03-08 06:32:29.667 [info] > git check-ignore -v -z --stdin [3ms]
2023-03-08 06:32:32.093 [info] > git show --textconv :themes/Trade Wars 2002 Color Theme-color-theme.json [18ms]
2023-03-08 06:32:32.098 [info] > git ls-files --stage -- /home/i/repos/trade-wars-2002-color-theme/themes/Trade Wars 2002 Color Theme-color-theme.json [6ms]
2023-03-08 06:32:32.112 [info] > git cat-file -s 7a549cfc5eaea002e680a97077e3598b3dde45d3 [5ms]
2023-03-08 06:32:47.259 [info] > git show --textconv :README.md [68ms]
2023-03-08 06:32:47.259 [info] > git ls-files --stage -- /home/i/repos/trade-wars-2002-color-theme/README.md [56ms]
2023-03-08 06:32:47.288 [info] > git cat-file -s 13fb069352be0b31d7a19a74d27cae6cca4e3964 [4ms]
2023-03-08 06:33:04.516 [info] > git check-ignore -v -z --stdin [15ms]
2023-03-08 06:33:07.137 [info] > git show --textconv :.vscode/extensions.json [13ms]
2023-03-08 06:33:07.141 [info] > git ls-files --stage -- /home/i/repos/trade-wars-2002-color-theme/.vscode/extensions.json [4ms]
2023-03-08 06:33:07.153 [info] > git cat-file -s a9ad568870f2b3201ac7b8d252ac3ad8a816efbd [2ms]
2023-03-08 06:33:11.852 [info] > git show --textconv :.vscode/launch.json [11ms]
2023-03-08 06:33:11.854 [info] > git ls-files --stage -- /home/i/repos/trade-wars-2002-color-theme/.vscode/launch.json [3ms]
2023-03-08 06:33:11.866 [info] > git cat-file -s 0e191b59295d1365ccca24701bc6a35a21e250c9 [3ms]
2023-03-08 06:33:16.382 [info] > git check-ignore -v -z --stdin [7ms]
2023-03-08 06:33:17.508 [info] > git check-ignore -v -z --stdin [7ms]
2023-03-08 06:33:21.481 [info] > git show --textconv :themes/Trade Wars 2002 Color Theme-color-theme.json [9ms]
2023-03-08 06:33:21.482 [info] > git ls-files --stage -- /home/i/repos/trade-wars-2002-color-theme/themes/Trade Wars 2002 Color Theme-color-theme.json [2ms]
2023-03-08 06:33:21.494 [info] > git cat-file -s 7a549cfc5eaea002e680a97077e3598b3dde45d3 [3ms]
2023-03-08 06:33:25.554 [info] > git show --textconv :.gitattributes [8ms]
2023-03-08 06:33:25.556 [info] > git ls-files --stage -- /home/i/repos/trade-wars-2002-color-theme/.gitattributes [2ms]
2023-03-08 06:33:25.565 [info] > git cat-file -s 13bc9c2eed6e30acc145c83c4686e297ce91a517 [2ms]
2023-03-08 06:33:27.746 [info] > git show --textconv :.gitignore [12ms]
2023-03-08 06:33:27.750 [info] > git ls-files --stage -- /home/i/repos/trade-wars-2002-color-theme/.gitignore [5ms]
2023-03-08 06:33:27.762 [info] > git cat-file -s 3c93d1461475da4570b05740f39fcec6c65bff52 [2ms]
2023-03-08 06:33:40.246 [info] > git show --textconv :package.json [11ms]
2023-03-08 06:33:40.250 [info] > git ls-files --stage -- /home/i/repos/trade-wars-2002-color-theme/package.json [6ms]
2023-03-08 06:33:40.263 [info] > git cat-file -s 69e88665a085216e666dec824def192d30f47c97 [4ms]
2023-03-08 06:45:04.893 [info] > git config --get commit.template [18ms]
2023-03-08 06:45:04.895 [info] > git for-each-ref --format=%(refname)%00%(upstream:short)%00%(objectname)%00%(upstream:track)%00%(upstream:remotename)%00%(upstream:remoteref) refs/heads/trunk refs/remotes/trunk [4ms]
2023-03-08 06:45:04.926 [info] > git status -z -uall [15ms]
2023-03-08 06:45:09.482 [info] > git ls-files --stage -- /home/i/repos/trade-wars-2002-color-theme/package.json [2ms]
2023-03-08 06:45:09.493 [info] > git cat-file -s 69e88665a085216e666dec824def192d30f47c97 [1ms]
2023-03-08 06:45:09.505 [info] > git show --textconv :package.json [2ms]
2023-03-08 06:45:10.004 [info] > git config --get commit.template [28ms]
2023-03-08 06:45:10.005 [info] > git for-each-ref --format=%(refname)%00%(upstream:short)%00%(objectname)%00%(upstream:track)%00%(upstream:remotename)%00%(upstream:remoteref) refs/heads/trunk refs/remotes/trunk [4ms]
2023-03-08 06:45:10.020 [info] > git status -z -uall [3ms]
2023-03-08 06:45:20.281 [info] > git config --get commit.template [8ms]
2023-03-08 06:45:20.282 [info] > git for-each-ref --format=%(refname)%00%(upstream:short)%00%(objectname)%00%(upstream:track)%00%(upstream:remotename)%00%(upstream:remoteref) refs/heads/trunk refs/remotes/trunk [2ms]
2023-03-08 06:45:20.290 [info] > git status -z -uall [2ms]
2023-03-08 06:45:20.409 [info] > git ls-files --stage -- /home/i/repos/trade-wars-2002-color-theme/package.json [7ms]
2023-03-08 06:45:20.427 [info] > git cat-file -s 088217e74473dbddbb4d24061edaed3242c08df9 [2ms]
2023-03-08 06:45:20.484 [info] > git show --textconv :package.json [2ms]
2023-03-08 06:45:43.157 [info] > git config --get commit.template [11ms]
2023-03-08 06:45:43.157 [info] > git for-each-ref --format=%(refname)%00%(upstream:short)%00%(objectname)%00%(upstream:track)%00%(upstream:remotename)%00%(upstream:remoteref) refs/heads/trunk refs/remotes/trunk [2ms]
2023-03-08 06:45:43.168 [info] > git status -z -uall [2ms]
2023-03-08 06:45:43.252 [info] > git ls-files --stage -- /home/i/repos/trade-wars-2002-color-theme/package.json [3ms]
2023-03-08 06:45:43.265 [info] > git cat-file -s 088217e74473dbddbb4d24061edaed3242c08df9 [2ms]
2023-03-08 06:45:43.283 [info] > git show --textconv :package.json [3ms]
2023-03-08 06:46:00.050 [info] > git config --get commit.template [32ms]
2023-03-08 06:46:00.051 [info] > git for-each-ref --format=%(refname)%00%(upstream:short)%00%(objectname)%00%(upstream:track)%00%(upstream:remotename)%00%(upstream:remoteref) refs/heads/patch refs/remotes/patch [4ms]
2023-03-08 06:46:00.071 [info] > git status -z -uall [3ms]
2023-03-08 06:46:00.100 [info] > git ls-files --stage -- /home/i/repos/trade-wars-2002-color-theme/package.json [2ms]
2023-03-08 06:46:00.110 [info] > git cat-file -s 088217e74473dbddbb4d24061edaed3242c08df9 [2ms]
2023-03-08 06:46:00.122 [info] > git show --textconv :package.json [3ms]
2023-03-08 06:46:15.880 [info] > git config --get commit.template [24ms]
2023-03-08 06:46:15.882 [info] > git for-each-ref --format=%(refname)%00%(upstream:short)%00%(objectname)%00%(upstream:track)%00%(upstream:remotename)%00%(upstream:remoteref) refs/heads/patch refs/remotes/patch [4ms]
2023-03-08 06:46:15.900 [info] > git status -z -uall [4ms]
2023-03-08 06:46:15.938 [info] > git ls-files --stage -- /home/i/repos/trade-wars-2002-color-theme/package.json [2ms]
2023-03-08 06:46:15.951 [info] > git cat-file -s 088217e74473dbddbb4d24061edaed3242c08df9 [1ms]
2023-03-08 06:46:15.966 [info] > git show --textconv :package.json [2ms]
2023-03-08 06:47:18.747 [info] > git check-ignore -v -z --stdin [1ms]
2023-03-08 06:47:28.424 [info] > git check-ignore -v -z --stdin [5ms]
2023-03-08 06:49:09.437 [info] > git check-ignore -v -z --stdin [6ms]
2023-03-08 06:50:46.975 [info] > git check-ignore -v -z --stdin [10ms]
2023-03-08 06:50:50.577 [info] > git config --get commit.template [12ms]
2023-03-08 06:50:50.581 [info] > git for-each-ref --format=%(refname)%00%(upstream:short)%00%(objectname)%00%(upstream:track)%00%(upstream:remotename)%00%(upstream:remoteref) refs/heads/patch refs/remotes/patch [6ms]
2023-03-08 06:50:50.594 [info] > git status -z -uall [3ms]
2023-03-08 06:50:55.632 [info] > git config --get commit.template [14ms]
2023-03-08 06:50:55.633 [info] > git for-each-ref --format=%(refname)%00%(upstream:short)%00%(objectname)%00%(upstream:track)%00%(upstream:remotename)%00%(upstream:remoteref) refs/heads/patch refs/remotes/patch [4ms]
2023-03-08 06:50:55.644 [info] > git status -z -uall [2ms]
2023-03-08 06:51:00.657 [info] > git config --get commit.template [2ms]
2023-03-08 06:51:00.667 [info] > git for-each-ref --format=%(refname)%00%(upstream:short)%00%(objectname)%00%(upstream:track)%00%(upstream:remotename)%00%(upstream:remoteref) refs/heads/patch refs/remotes/patch [3ms]
2023-03-08 06:51:00.679 [info] > git status -z -uall [2ms]
2023-03-08 06:51:09.193 [info] > git config --get commit.template [43ms]
2023-03-08 06:51:09.196 [info] > git for-each-ref --format=%(refname)%00%(upstream:short)%00%(objectname)%00%(upstream:track)%00%(upstream:remotename)%00%(upstream:remoteref) refs/heads/patch refs/remotes/patch [7ms]
2023-03-08 06:51:09.241 [info] > git status -z -uall [10ms]
2023-03-08 06:51:13.783 [info] > git check-ignore -v -z --stdin [5ms]
2023-03-08 06:51:14.309 [info] > git config --get commit.template [27ms]
2023-03-08 06:51:14.311 [info] > git for-each-ref --format=%(refname)%00%(upstream:short)%00%(objectname)%00%(upstream:track)%00%(upstream:remotename)%00%(upstream:remoteref) refs/heads/patch refs/remotes/patch [6ms]
2023-03-08 06:51:14.330 [info] > git status -z -uall [4ms]
2023-03-08 06:51:22.394 [info] > git config --get commit.template [35ms]
2023-03-08 06:51:22.397 [info] > git for-each-ref --format=%(refname)%00%(upstream:short)%00%(objectname)%00%(upstream:track)%00%(upstream:remotename)%00%(upstream:remoteref) refs/heads/patch refs/remotes/patch [6ms]
2023-03-08 06:51:22.475 [info] > git status -z -uall [54ms]
2023-03-08 06:51:22.475 [info] > git show --textconv :vsc-extension-quickstart.md [25ms]
2023-03-08 06:51:22.481 [info] > git ls-files --stage -- /home/i/repos/trade-wars-2002-color-theme/vsc-extension-quickstart.md [10ms]
2023-03-08 06:51:22.495 [info] > git cat-file -s a138d6f4599e52eab6d94f38459386dd440cfd34 [2ms]
2023-03-08 06:52:08.377 [info] > git show --textconv :themes/Trade-Wars-2002-color-theme.json [18ms]
2023-03-08 06:52:08.384 [info] > git ls-files --stage -- /home/i/repos/trade-wars-2002-color-theme/themes/Trade-Wars-2002-color-theme.json [9ms]
2023-03-08 06:58:14.010 [info] > git config --get commit.template [42ms]
2023-03-08 06:58:14.013 [info] > git for-each-ref --format=%(refname)%00%(upstream:short)%00%(objectname)%00%(upstream:track)%00%(upstream:remotename)%00%(upstream:remoteref) refs/heads/patch refs/remotes/patch [13ms]
2023-03-08 06:58:14.032 [info] > git status -z -uall [3ms]
2023-03-08 06:58:24.449 [info] > git config --get commit.template [22ms]
2023-03-08 06:58:24.450 [info] > git for-each-ref --format=%(refname)%00%(upstream:short)%00%(objectname)%00%(upstream:track)%00%(upstream:remotename)%00%(upstream:remoteref) refs/heads/patch refs/remotes/patch [3ms]
2023-03-08 06:58:24.460 [info] > git status -z -uall [2ms]
2023-03-08 06:58:31.922 [info] > git config --get commit.template [3ms]
2023-03-08 06:58:31.941 [info] > git for-each-ref --format=%(refname)%00%(upstream:short)%00%(objectname)%00%(upstream:track)%00%(upstream:remotename)%00%(upstream:remoteref) refs/heads/patch refs/remotes/patch [4ms]
2023-03-08 06:58:31.958 [info] > git status -z -uall [3ms]
2023-03-08 06:59:01.186 [info] > git config --get commit.template [13ms]
2023-03-08 06:59:01.187 [info] > git for-each-ref --format=%(refname)%00%(upstream:short)%00%(objectname)%00%(upstream:track)%00%(upstream:remotename)%00%(upstream:remoteref) refs/heads/patch refs/remotes/patch [2ms]
2023-03-08 06:59:01.197 [info] > git status -z -uall [2ms]
2023-03-08 06:59:08.434 [info] > git config --get commit.template [16ms]
2023-03-08 06:59:08.436 [info] > git for-each-ref --format=%(refname)%00%(upstream:short)%00%(objectname)%00%(upstream:track)%00%(upstream:remotename)%00%(upstream:remoteref) refs/heads/patch refs/remotes/patch [2ms]
2023-03-08 06:59:08.452 [info] > git status -z -uall [5ms]
2023-03-08 06:59:30.692 [info] > git config --get commit.template [13ms]
2023-03-08 06:59:30.693 [info] > git for-each-ref --format=%(refname)%00%(upstream:short)%00%(objectname)%00%(upstream:track)%00%(upstream:remotename)%00%(upstream:remoteref) refs/heads/patch refs/remotes/patch [2ms]
2023-03-08 06:59:30.702 [info] > git status -z -uall [2ms]
2023-03-08 06:59:41.588 [info] > git config --get commit.template [27ms]
2023-03-08 06:59:41.591 [info] > git for-each-ref --format=%(refname)%00%(upstream:short)%00%(objectname)%00%(upstream:track)%00%(upstream:remotename)%00%(upstream:remoteref) refs/heads/patch refs/remotes/patch [5ms]
2023-03-08 06:59:41.613 [info] > git status -z -uall [4ms]
2023-03-08 07:00:34.461 [info] > git config --get commit.template [15ms]
2023-03-08 07:00:34.461 [info] > git for-each-ref --format=%(refname)%00%(upstream:short)%00%(objectname)%00%(upstream:track)%00%(upstream:remotename)%00%(upstream:remoteref) refs/heads/patch refs/remotes/patch [2ms]
2023-03-08 07:00:34.471 [info] > git status -z -uall [2ms]
2023-03-08 07:00:40.888 [info] > git config --get commit.template [14ms]
2023-03-08 07:00:40.889 [info] > git for-each-ref --format=%(refname)%00%(upstream:short)%00%(objectname)%00%(upstream:track)%00%(upstream:remotename)%00%(upstream:remoteref) refs/heads/patch refs/remotes/patch [4ms]
2023-03-08 07:00:40.909 [info] > git status -z -uall [4ms]
2023-03-08 07:02:39.962 [info] > git config --get commit.template [31ms]
2023-03-08 07:02:39.963 [info] > git for-each-ref --format=%(refname)%00%(upstream:short)%00%(objectname)%00%(upstream:track)%00%(upstream:remotename)%00%(upstream:remoteref) refs/heads/patch refs/remotes/patch [4ms]
2023-03-08 07:02:39.983 [info] > git status -z -uall [3ms]
2023-03-08 07:02:45.046 [info] > git config --get commit.template [4ms]
2023-03-08 07:02:45.066 [info] > git for-each-ref --format=%(refname)%00%(upstream:short)%00%(objectname)%00%(upstream:track)%00%(upstream:remotename)%00%(upstream:remoteref) refs/heads/patch refs/remotes/patch [3ms]
2023-03-08 07:02:45.079 [info] > git status -z -uall [3ms]
2023-03-08 07:06:42.194 [info] > git config --get commit.template [44ms]
2023-03-08 07:06:42.201 [info] > git for-each-ref --format=%(refname)%00%(upstream:short)%00%(objectname)%00%(upstream:track)%00%(upstream:remotename)%00%(upstream:remoteref) refs/heads/patch refs/remotes/patch [17ms]
2023-03-08 07:06:42.254 [info] > git status -z -uall [15ms]
2023-03-08 07:07:39.230 [info] > git config --get commit.template [17ms]
2023-03-08 07:07:39.231 [info] > git for-each-ref --format=%(refname)%00%(upstream:short)%00%(objectname)%00%(upstream:track)%00%(upstream:remotename)%00%(upstream:remoteref) refs/heads/patch refs/remotes/patch [4ms]
2023-03-08 07:07:39.250 [info] > git status -z -uall [4ms]
2023-03-08 07:08:10.763 [info] > git config --get commit.template [43ms]
2023-03-08 07:08:10.767 [info] > git for-each-ref --format=%(refname)%00%(upstream:short)%00%(objectname)%00%(upstream:track)%00%(upstream:remotename)%00%(upstream:remoteref) refs/heads/patch refs/remotes/patch [8ms]
2023-03-08 07:08:10.793 [info] > git status -z -uall [5ms]
2023-03-08 07:08:28.715 [info] > git config --get commit.template [9ms]
2023-03-08 07:08:28.735 [info] > git for-each-ref --format=%(refname)%00%(upstream:short)%00%(objectname)%00%(upstream:track)%00%(upstream:remotename)%00%(upstream:remoteref) refs/heads/patch refs/remotes/patch [4ms]
2023-03-08 07:08:28.754 [info] > git status -z -uall [4ms]
2023-03-08 07:09:05.352 [info] > git config --get commit.template [31ms]
2023-03-08 07:09:05.354 [info] > git for-each-ref --format=%(refname)%00%(upstream:short)%00%(objectname)%00%(upstream:track)%00%(upstream:remotename)%00%(upstream:remoteref) refs/heads/patch refs/remotes/patch [4ms]
2023-03-08 07:09:05.377 [info] > git status -z -uall [5ms]
2023-03-08 07:09:12.214 [info] > git config --get commit.template [25ms]
2023-03-08 07:09:12.219 [info] > git for-each-ref --format=%(refname)%00%(upstream:short)%00%(objectname)%00%(upstream:track)%00%(upstream:remotename)%00%(upstream:remoteref) refs/heads/patch refs/remotes/patch [6ms]
2023-03-08 07:09:12.253 [info] > git status -z -uall [9ms]
2023-03-08 07:09:49.538 [info] > git config --get commit.template [15ms]
2023-03-08 07:09:49.539 [info] > git for-each-ref --format=%(refname)%00%(upstream:short)%00%(objectname)%00%(upstream:track)%00%(upstream:remotename)%00%(upstream:remoteref) refs/heads/patch refs/remotes/patch [3ms]
2023-03-08 07:09:49.550 [info] > git status -z -uall [2ms]
2023-03-08 07:09:54.633 [info] > git config --get commit.template [35ms]
2023-03-08 07:09:54.636 [info] > git for-each-ref --format=%(refname)%00%(upstream:short)%00%(objectname)%00%(upstream:track)%00%(upstream:remotename)%00%(upstream:remoteref) refs/heads/patch refs/remotes/patch [7ms]
2023-03-08 07:09:54.675 [info] > git status -z -uall [9ms]
2023-03-08 07:10:10.793 [info] > git config --get commit.template [37ms]
2023-03-08 07:10:10.797 [info] > git for-each-ref --format=%(refname)%00%(upstream:short)%00%(objectname)%00%(upstream:track)%00%(upstream:remotename)%00%(upstream:remoteref) refs/heads/patch refs/remotes/patch [8ms]
2023-03-08 07:10:10.844 [info] > git status -z -uall [10ms]
2023-03-08 07:10:18.133 [info] > git config --get commit.template [41ms]
2023-03-08 07:10:18.135 [info] > git for-each-ref --format=%(refname)%00%(upstream:short)%00%(objectname)%00%(upstream:track)%00%(upstream:remotename)%00%(upstream:remoteref) refs/heads/patch refs/remotes/patch [5ms]
2023-03-08 07:10:18.160 [info] > git status -z -uall [6ms]
2023-03-08 07:11:49.902 [info] > git config --get commit.template [15ms]
2023-03-08 07:11:49.903 [info] > git for-each-ref --format=%(refname)%00%(upstream:short)%00%(objectname)%00%(upstream:track)%00%(upstream:remotename)%00%(upstream:remoteref) refs/heads/patch refs/remotes/patch [2ms]
2023-03-08 07:11:49.920 [info] > git status -z -uall [4ms]
2023-03-08 07:12:12.131 [info] > git config --get commit.template [40ms]
2023-03-08 07:12:12.135 [info] > git for-each-ref --format=%(refname)%00%(upstream:short)%00%(objectname)%00%(upstream:track)%00%(upstream:remotename)%00%(upstream:remoteref) refs/heads/patch refs/remotes/patch [9ms]
2023-03-08 07:12:12.180 [info] > git status -z -uall [9ms]
2023-03-08 07:12:28.056 [info] > git config --get commit.template [2ms]
2023-03-08 07:12:28.078 [info] > git for-each-ref --format=%(refname)%00%(upstream:short)%00%(objectname)%00%(upstream:track)%00%(upstream:remotename)%00%(upstream:remoteref) refs/heads/patch refs/remotes/patch [3ms]
2023-03-08 07:12:28.099 [info] > git status -z -uall [3ms]
2023-03-08 07:12:46.206 [info] > git config --get commit.template [17ms]
2023-03-08 07:12:46.208 [info] > git for-each-ref --format=%(refname)%00%(upstream:short)%00%(objectname)%00%(upstream:track)%00%(upstream:remotename)%00%(upstream:remoteref) refs/heads/patch refs/remotes/patch [3ms]
2023-03-08 07:12:46.228 [info] > git status -z -uall [5ms]
2023-03-08 07:12:56.538 [info] > git config --get commit.template [10ms]
2023-03-08 07:12:56.539 [info] > git for-each-ref --format=%(refname)%00%(upstream:short)%00%(objectname)%00%(upstream:track)%00%(upstream:remotename)%00%(upstream:remoteref) refs/heads/patch refs/remotes/patch [2ms]
2023-03-08 07:12:56.549 [info] > git status -z -uall [2ms]
2023-03-08 07:13:06.314 [info] > git config --get commit.template [13ms]
2023-03-08 07:13:06.316 [info] > git for-each-ref --format=%(refname)%00%(upstream:short)%00%(objectname)%00%(upstream:track)%00%(upstream:remotename)%00%(upstream:remoteref) refs/heads/patch refs/remotes/patch [2ms]
2023-03-08 07:13:06.325 [info] > git status -z -uall [2ms]
2023-03-08 07:13:11.386 [info] > git config --get commit.template [26ms]
2023-03-08 07:13:11.388 [info] > git for-each-ref --format=%(refname)%00%(upstream:short)%00%(objectname)%00%(upstream:track)%00%(upstream:remotename)%00%(upstream:remoteref) refs/heads/patch refs/remotes/patch [4ms]
2023-03-08 07:13:11.407 [info] > git status -z -uall [5ms]
2023-03-08 07:13:59.132 [info] > git config --get commit.template [15ms]
2023-03-08 07:13:59.133 [info] > git for-each-ref --format=%(refname)%00%(upstream:short)%00%(objectname)%00%(upstream:track)%00%(upstream:remotename)%00%(upstream:remoteref) refs/heads/patch refs/remotes/patch [2ms]
2023-03-08 07:13:59.148 [info] > git status -z -uall [3ms]
2023-03-08 07:14:04.996 [info] > git config --get commit.template [36ms]
2023-03-08 07:14:05.001 [info] > git for-each-ref --format=%(refname)%00%(upstream:short)%00%(objectname)%00%(upstream:track)%00%(upstream:remotename)%00%(upstream:remoteref) refs/heads/patch refs/remotes/patch [7ms]
2023-03-08 07:14:05.038 [info] > git status -z -uall [5ms]
2023-03-08 07:14:17.815 [info] > git config --get commit.template [9ms]
2023-03-08 07:14:17.851 [info] > git for-each-ref --format=%(refname)%00%(upstream:short)%00%(objectname)%00%(upstream:track)%00%(upstream:remotename)%00%(upstream:remoteref) refs/heads/patch refs/remotes/patch [4ms]
2023-03-08 07:14:17.875 [info] > git status -z -uall [6ms]
2023-03-08 07:14:38.352 [info] Log level: Info
2023-03-08 07:14:38.352 [info] Validating found git in: "git"
2023-03-08 07:14:38.352 [info] Using git "2.39.2" from "git"
2023-03-08 07:14:38.358 [info] > git rev-parse --show-toplevel [12ms]
2023-03-08 07:14:38.453 [info] > git rev-parse --git-dir --git-common-dir [61ms]
2023-03-08 07:14:38.462 [info] Open repository: /home/i/repos/trade-wars-2002-color-theme
2023-03-08 07:14:38.493 [info] > git rev-parse --show-toplevel [19ms]
2023-03-08 07:14:38.505 [info] > git rev-parse --show-toplevel [1ms]
2023-03-08 07:14:38.516 [info] > git config --get commit.template [26ms]
2023-03-08 07:14:38.527 [info] > git rev-parse --show-toplevel [13ms]
2023-03-08 07:14:38.538 [info] > git for-each-ref --format=%(refname)%00%(upstream:short)%00%(objectname)%00%(upstream:track)%00%(upstream:remotename)%00%(upstream:remoteref) refs/heads/patch refs/remotes/patch [13ms]
2023-03-08 07:14:38.549 [info] > git rev-parse --show-toplevel [13ms]
2023-03-08 07:14:38.560 [info] > git status -z -uall [13ms]
2023-03-08 07:14:38.576 [info] > git rev-parse --show-toplevel [17ms]
2023-03-08 07:14:38.587 [info] > git config --get commit.template [11ms]
2023-03-08 07:14:38.600 [info] > git rev-parse --show-toplevel [15ms]
2023-03-08 07:14:38.602 [info] > git for-each-ref --format=%(refname)%00%(upstream:short)%00%(objectname)%00%(upstream:track)%00%(upstream:remotename)%00%(upstream:remoteref) refs/heads/patch refs/remotes/patch [4ms]
2023-03-08 07:14:38.612 [info] > git status -z -uall [3ms]
2023-03-08 07:14:39.232 [info] > git check-ignore -v -z --stdin [3ms]
2023-03-08 07:14:39.681 [info] > git show --textconv :themes/Trade-Wars-2002-color-theme.json [14ms]
2023-03-08 07:14:39.684 [info] > git ls-files --stage -- /home/i/repos/trade-wars-2002-color-theme/themes/Trade-Wars-2002-color-theme.json [4ms]
2023-03-08 07:14:52.462 [info] > git show --textconv :package.json [12ms]
2023-03-08 07:14:52.463 [info] > git ls-files --stage -- /home/i/repos/trade-wars-2002-color-theme/package.json [4ms]
2023-03-08 07:14:52.475 [info] > git cat-file -s 088217e74473dbddbb4d24061edaed3242c08df9 [3ms]
2023-03-08 07:15:31.821 [info] > git config --get commit.template [15ms]
2023-03-08 07:15:31.821 [info] > git for-each-ref --format=%(refname)%00%(upstream:short)%00%(objectname)%00%(upstream:track)%00%(upstream:remotename)%00%(upstream:remoteref) refs/heads/patch refs/remotes/patch [2ms]
2023-03-08 07:15:31.835 [info] > git status -z -uall [3ms]
2023-03-08 07:15:41.908 [info] > git config --get commit.template [41ms]
2023-03-08 07:15:41.913 [info] > git for-each-ref --format=%(refname)%00%(upstream:short)%00%(objectname)%00%(upstream:track)%00%(upstream:remotename)%00%(upstream:remoteref) refs/heads/patch refs/remotes/patch [10ms]
2023-03-08 07:15:41.928 [info] > git status -z -uall [3ms]
2023-03-08 07:16:16.723 [info] > git config --get commit.template [15ms]
2023-03-08 07:16:16.724 [info] > git for-each-ref --format=%(refname)%00%(upstream:short)%00%(objectname)%00%(upstream:track)%00%(upstream:remotename)%00%(upstream:remoteref) refs/heads/patch refs/remotes/patch [3ms]
2023-03-08 07:16:16.739 [info] > git status -z -uall [3ms]
2023-03-08 07:16:33.323 [info] > git config --get commit.template [35ms]
2023-03-08 07:16:33.327 [info] > git for-each-ref --format=%(refname)%00%(upstream:short)%00%(objectname)%00%(upstream:track)%00%(upstream:remotename)%00%(upstream:remoteref) refs/heads/patch refs/remotes/patch [7ms]
2023-03-08 07:16:33.370 [info] > git status -z -uall [10ms]
2023-03-08 07:17:11.015 [info] > git config --get commit.template [37ms]
2023-03-08 07:17:11.021 [info] > git for-each-ref --format=%(refname)%00%(upstream:short)%00%(objectname)%00%(upstream:track)%00%(upstream:remotename)%00%(upstream:remoteref) refs/heads/patch refs/remotes/patch [9ms]
2023-03-08 07:17:11.060 [info] > git status -z -uall [9ms]
2023-03-08 07:17:32.575 [info] > git config --get commit.template [33ms]
2023-03-08 07:17:32.580 [info] > git for-each-ref --format=%(refname)%00%(upstream:short)%00%(objectname)%00%(upstream:track)%00%(upstream:remotename)%00%(upstream:remoteref) refs/heads/patch refs/remotes/patch [7ms]
2023-03-08 07:17:32.617 [info] > git status -z -uall [9ms]
2023-03-08 07:18:01.252 [info] > git config --get commit.template [39ms]
2023-03-08 07:18:01.254 [info] > git for-each-ref --format=%(refname)%00%(upstream:short)%00%(objectname)%00%(upstream:track)%00%(upstream:remotename)%00%(upstream:remoteref) refs/heads/patch refs/remotes/patch [9ms]
2023-03-08 07:18:01.287 [info] > git status -z -uall [4ms]
2023-03-08 07:18:25.647 [info] > git config --get commit.template [13ms]
2023-03-08 07:18:25.648 [info] > git for-each-ref --format=%(refname)%00%(upstream:short)%00%(objectname)%00%(upstream:track)%00%(upstream:remotename)%00%(upstream:remoteref) refs/heads/patch refs/remotes/patch [3ms]
2023-03-08 07:18:25.661 [info] > git status -z -uall [3ms]
2023-03-08 07:18:34.273 [info] > git config --get commit.template [34ms]
2023-03-08 07:18:34.276 [info] > git for-each-ref --format=%(refname)%00%(upstream:short)%00%(objectname)%00%(upstream:track)%00%(upstream:remotename)%00%(upstream:remoteref) refs/heads/patch refs/remotes/patch [6ms]
2023-03-08 07:18:34.311 [info] > git status -z -uall [8ms]
2023-03-08 07:19:45.267 [info] > git config --get commit.template [17ms]
2023-03-08 07:19:45.268 [info] > git for-each-ref --format=%(refname)%00%(upstream:short)%00%(objectname)%00%(upstream:track)%00%(upstream:remotename)%00%(upstream:remoteref) refs/heads/patch refs/remotes/patch [3ms]
2023-03-08 07:19:45.277 [info] > git status -z -uall [2ms]
2023-03-08 07:19:50.359 [info] > git config --get commit.template [41ms]
2023-03-08 07:19:50.367 [info] > git for-each-ref --format=%(refname)%00%(upstream:short)%00%(objectname)%00%(upstream:track)%00%(upstream:remotename)%00%(upstream:remoteref) refs/heads/patch refs/remotes/patch [10ms]
2023-03-08 07:19:50.402 [info] > git status -z -uall [5ms]
2023-03-08 07:19:55.464 [info] > git config --get commit.template [32ms]
2023-03-08 07:19:55.467 [info] > git for-each-ref --format=%(refname)%00%(upstream:short)%00%(objectname)%00%(upstream:track)%00%(upstream:remotename)%00%(upstream:remoteref) refs/heads/patch refs/remotes/patch [7ms]
2023-03-08 07:19:55.500 [info] > git status -z -uall [9ms]
2023-03-08 07:20:20.974 [info] Log level: Info
2023-03-08 07:20:20.974 [info] Validating found git in: "git"
2023-03-08 07:20:20.974 [info] Using git "2.39.2" from "git"
2023-03-08 07:20:20.974 [info] > git rev-parse --show-toplevel [4ms]
2023-03-08 07:20:20.975 [info] > git rev-parse --git-dir --git-common-dir [3ms]
2023-03-08 07:20:20.975 [info] Open repository: /home/i/repos/trade-wars-2002-color-theme
2023-03-08 07:20:20.975 [info] > git rev-parse --show-toplevel [12ms]
2023-03-08 07:20:20.975 [info] > git config --get commit.template [15ms]
2023-03-08 07:20:20.975 [info] > git rev-parse --show-toplevel [16ms]
2023-03-08 07:20:20.975 [info] > git for-each-ref --format=%(refname)%00%(upstream:short)%00%(objectname)%00%(upstream:track)%00%(upstream:remotename)%00%(upstream:remoteref) refs/heads/patch refs/remotes/patch [17ms]
2023-03-08 07:20:20.975 [info] > git rev-parse --show-toplevel [13ms]
2023-03-08 07:20:20.975 [info] > git status -z -uall [36ms]
2023-03-08 07:20:20.975 [info] > git rev-parse --show-toplevel [64ms]
2023-03-08 07:20:20.975 [info] > git config --get commit.template [21ms]
2023-03-08 07:20:20.975 [info] > git rev-parse --show-toplevel [13ms]
2023-03-08 07:20:20.975 [info] > git rev-parse --show-toplevel [11ms]
2023-03-08 07:20:20.975 [info] > git for-each-ref --format=%(refname)%00%(upstream:short)%00%(objectname)%00%(upstream:track)%00%(upstream:remotename)%00%(upstream:remoteref) refs/heads/patch refs/remotes/patch [3ms]
2023-03-08 07:20:20.975 [info] > git status -z -uall [3ms]
2023-03-08 07:20:21.277 [info] > git check-ignore -v -z --stdin [8ms]
2023-03-08 07:20:22.048 [info] > git show --textconv :themes/Trade-Wars-2002-color-theme.json [15ms]
2023-03-08 07:20:22.052 [info] > git ls-files --stage -- /home/i/repos/trade-wars-2002-color-theme/themes/Trade-Wars-2002-color-theme.json [3ms]
2023-03-08 07:21:29.180 [info] > git config --get commit.template [35ms]
2023-03-08 07:21:29.183 [info] > git for-each-ref --format=%(refname)%00%(upstream:short)%00%(objectname)%00%(upstream:track)%00%(upstream:remotename)%00%(upstream:remoteref) refs/heads/patch refs/remotes/patch [8ms]
2023-03-08 07:21:29.227 [info] > git status -z -uall [11ms]
2023-03-08 07:22:00.173 [info] > git config --get commit.template [30ms]
2023-03-08 07:22:00.176 [info] > git for-each-ref --format=%(refname)%00%(upstream:short)%00%(objectname)%00%(upstream:track)%00%(upstream:remotename)%00%(upstream:remoteref) refs/heads/patch refs/remotes/patch [7ms]
2023-03-08 07:22:00.209 [info] > git status -z -uall [9ms]
2023-03-08 07:22:36.292 [info] > git config --get commit.template [13ms]
2023-03-08 07:22:36.293 [info] > git for-each-ref --format=%(refname)%00%(upstream:short)%00%(objectname)%00%(upstream:track)%00%(upstream:remotename)%00%(upstream:remoteref) refs/heads/patch refs/remotes/patch [2ms]
2023-03-08 07:22:36.304 [info] > git status -z -uall [2ms]
2023-03-08 07:22:41.363 [info] > git config --get commit.template [24ms]
2023-03-08 07:22:41.365 [info] > git for-each-ref --format=%(refname)%00%(upstream:short)%00%(objectname)%00%(upstream:track)%00%(upstream:remotename)%00%(upstream:remoteref) refs/heads/patch refs/remotes/patch [4ms]
2023-03-08 07:22:41.381 [info] > git status -z -uall [4ms]
2023-03-08 07:23:31.752 [info] > git config --get commit.template [17ms]
2023-03-08 07:23:31.753 [info] > git for-each-ref --format=%(refname)%00%(upstream:short)%00%(objectname)%00%(upstream:track)%00%(upstream:remotename)%00%(upstream:remoteref) refs/heads/patch refs/remotes/patch [2ms]
2023-03-08 07:23:31.763 [info] > git status -z -uall [2ms]
2023-03-08 07:23:54.945 [info] > git config --get commit.template [34ms]
2023-03-08 07:23:54.946 [info] > git for-each-ref --format=%(refname)%00%(upstream:short)%00%(objectname)%00%(upstream:track)%00%(upstream:remotename)%00%(upstream:remoteref) refs/heads/patch refs/remotes/patch [9ms]
2023-03-08 07:23:54.962 [info] > git status -z -uall [3ms]
2023-03-08 07:24:03.690 [info] > git config --get commit.template [41ms]
2023-03-08 07:24:03.701 [info] > git for-each-ref --format=%(refname)%00%(upstream:short)%00%(objectname)%00%(upstream:track)%00%(upstream:remotename)%00%(upstream:remoteref) refs/heads/patch refs/remotes/patch [18ms]
2023-03-08 07:24:03.722 [info] > git status -z -uall [4ms]
2023-03-08 07:24:09.533 [info] > git config --get commit.template [10ms]
2023-03-08 07:24:09.534 [info] > git for-each-ref --format=%(refname)%00%(upstream:short)%00%(objectname)%00%(upstream:track)%00%(upstream:remotename)%00%(upstream:remoteref) refs/heads/patch refs/remotes/patch [2ms]
2023-03-08 07:24:09.545 [info] > git status -z -uall [2ms]
2023-03-08 07:24:34.916 [info] Log level: Info
2023-03-08 07:24:34.916 [info] Validating found git in: "git"
2023-03-08 07:24:34.916 [info] Using git "" from "git"
2023-03-08 07:24:34.916 [info] > git rev-parse --show-toplevel [5ms]
2023-03-08 07:24:34.916 [info] > git rev-parse --git-dir --git-common-dir [3ms]
2023-03-08 07:24:34.916 [info] Open repository: /home/i/repos/trade-wars-2002-color-theme
2023-03-08 07:24:34.916 [info] > git rev-parse --show-toplevel [15ms]
2023-03-08 07:24:34.916 [info] > git config --get commit.template [11ms]
2023-03-08 07:24:34.916 [info] > git rev-parse --show-toplevel [21ms]
2023-03-08 07:24:34.916 [info] > git for-each-ref --format=%(refname)%00%(upstream:short)%00%(objectname)%00%(upstream:track)%00%(upstream:remotename)%00%(upstream:remoteref) refs/heads/patch refs/remotes/patch [22ms]
2023-03-08 07:24:34.916 [info] > git status -z -uall [20ms]
2023-03-08 07:24:34.916 [info] > git rev-parse --show-toplevel [47ms]
2023-03-08 07:24:34.916 [info] > git rev-parse --show-toplevel [20ms]
2023-03-08 07:24:34.916 [info] > git config --get commit.template [27ms]
2023-03-08 07:24:34.916 [info] > git rev-parse --show-toplevel [20ms]
2023-03-08 07:24:34.916 [info] > git rev-parse --show-toplevel [19ms]
2023-03-08 07:24:34.916 [info] > git for-each-ref --format=%(refname)%00%(upstream:short)%00%(objectname)%00%(upstream:track)%00%(upstream:remotename)%00%(upstream:remoteref) refs/heads/patch refs/remotes/patch [13ms]
2023-03-08 07:24:34.916 [info] > git status -z -uall [69ms]
2023-03-08 07:24:35.374 [info] > git check-ignore -v -z --stdin [3ms]
2023-03-08 07:24:35.690 [info] > git show --textconv :themes/Trade-Wars-2002-color-theme.json [40ms]
2023-03-08 07:24:35.692 [info] > git ls-files --stage -- /home/i/repos/trade-wars-2002-color-theme/themes/Trade-Wars-2002-color-theme.json [24ms]
2023-03-08 07:24:45.912 [info] > git config --get commit.template [38ms]
2023-03-08 07:24:45.919 [info] > git for-each-ref --format=%(refname)%00%(upstream:short)%00%(objectname)%00%(upstream:track)%00%(upstream:remotename)%00%(upstream:remoteref) refs/heads/patch refs/remotes/patch [12ms]
2023-03-08 07:24:45.964 [info] > git status -z -uall [12ms]
2023-03-08 07:33:09.535 [info] > git config --get commit.template [15ms]
2023-03-08 07:33:09.536 [info] > git for-each-ref --format=%(refname)%00%(upstream:short)%00%(objectname)%00%(upstream:track)%00%(upstream:remotename)%00%(upstream:remoteref) refs/heads/patch refs/remotes/patch [4ms]
2023-03-08 07:33:09.548 [info] > git status -z -uall [2ms]
2023-03-08 07:33:35.052 [info] > git config --get commit.template [2ms]
2023-03-08 07:33:35.065 [info] > git for-each-ref --format=%(refname)%00%(upstream:short)%00%(objectname)%00%(upstream:track)%00%(upstream:remotename)%00%(upstream:remoteref) refs/heads/patch refs/remotes/patch [4ms]
2023-03-08 07:33:35.078 [info] > git status -z -uall [3ms]
2023-03-08 07:33:40.139 [info] > git config --get commit.template [26ms]
2023-03-08 07:33:40.141 [info] > git for-each-ref --format=%(refname)%00%(upstream:short)%00%(objectname)%00%(upstream:track)%00%(upstream:remotename)%00%(upstream:remoteref) refs/heads/patch refs/remotes/patch [4ms]
2023-03-08 07:33:40.154 [info] > git status -z -uall [2ms]
2023-03-08 07:33:47.209 [info] > git config --get commit.template [20ms]
2023-03-08 07:33:47.212 [info] > git for-each-ref --format=%(refname)%00%(upstream:short)%00%(objectname)%00%(upstream:track)%00%(upstream:remotename)%00%(upstream:remoteref) refs/heads/patch refs/remotes/patch [4ms]
2023-03-08 07:33:47.227 [info] > git status -z -uall [4ms]
2023-03-08 07:34:33.454 [info] > git config --get commit.template [21ms]
2023-03-08 07:34:33.455 [info] > git for-each-ref --format=%(refname)%00%(upstream:short)%00%(objectname)%00%(upstream:track)%00%(upstream:remotename)%00%(upstream:remoteref) refs/heads/patch refs/remotes/patch [5ms]
2023-03-08 07:34:33.468 [info] > git status -z -uall [3ms]
2023-03-08 07:34:48.538 [info] Log level: Info
2023-03-08 07:34:48.538 [info] Validating found git in: "git"
2023-03-08 07:34:48.538 [info] Using git "2.39.2" from "git"
2023-03-08 07:34:48.538 [info] > git rev-parse --show-toplevel [3ms]
2023-03-08 07:34:48.538 [info] > git rev-parse --git-dir --git-common-dir [3ms]
2023-03-08 07:34:48.538 [info] Open repository: /home/i/repos/trade-wars-2002-color-theme
2023-03-08 07:34:48.538 [info] > git rev-parse --show-toplevel [13ms]
2023-03-08 07:34:48.538 [info] > git config --get commit.template [13ms]
2023-03-08 07:34:48.538 [info] > git rev-parse --show-toplevel [18ms]
2023-03-08 07:34:48.538 [info] > git for-each-ref --format=%(refname)%00%(upstream:short)%00%(objectname)%00%(upstream:track)%00%(upstream:remotename)%00%(upstream:remoteref) refs/heads/patch refs/remotes/patch [16ms]
2023-03-08 07:34:48.538 [info] > git status -z -uall [14ms]
2023-03-08 07:34:48.538 [info] > git rev-parse --show-toplevel [27ms]
2023-03-08 07:34:48.538 [info] > git rev-parse --show-toplevel [48ms]
2023-03-08 07:34:48.538 [info] > git config --get commit.template [53ms]
2023-03-08 07:34:48.538 [info] > git rev-parse --show-toplevel [74ms]
2023-03-08 07:34:48.538 [info] > git for-each-ref --format=%(refname)%00%(upstream:short)%00%(objectname)%00%(upstream:track)%00%(upstream:remotename)%00%(upstream:remoteref) refs/heads/patch refs/remotes/patch [5ms]
2023-03-08 07:34:48.538 [info] > git rev-parse --show-toplevel [24ms]
2023-03-08 07:34:48.538 [info] > git status -z -uall [4ms]
2023-03-08 07:34:48.838 [info] > git check-ignore -v -z --stdin [5ms]
2023-03-08 07:34:49.544 [info] > git show --textconv :themes/Trade-Wars-2002-color-theme.json [17ms]
2023-03-08 07:34:49.546 [info] > git ls-files --stage -- /home/i/repos/trade-wars-2002-color-theme/themes/Trade-Wars-2002-color-theme.json [3ms]
2023-03-08 07:36:48.391 [info] > git config --get commit.template [35ms]
2023-03-08 07:36:48.392 [info] > git for-each-ref --format=%(refname)%00%(upstream:short)%00%(objectname)%00%(upstream:track)%00%(upstream:remotename)%00%(upstream:remoteref) refs/heads/patch refs/remotes/patch [7ms]
2023-03-08 07:36:48.404 [info] > git status -z -uall [3ms]
2023-03-08 07:48:33.791 [info] > git config --get commit.template [32ms]
2023-03-08 07:48:33.795 [info] > git for-each-ref --format=%(refname)%00%(upstream:short)%00%(objectname)%00%(upstream:track)%00%(upstream:remotename)%00%(upstream:remoteref) refs/heads/patch refs/remotes/patch [7ms]
2023-03-08 07:48:33.835 [info] > git status -z -uall [13ms]
2023-03-08 23:02:49.987 [info] > git config --get commit.template [46ms]
2023-03-08 23:02:49.996 [info] > git for-each-ref --format=%(refname)%00%(upstream:short)%00%(objectname)%00%(upstream:track)%00%(upstream:remotename)%00%(upstream:remoteref) refs/heads/patch refs/remotes/patch [16ms]
2023-03-08 23:02:50.043 [info] > git status -z -uall [7ms]
2023-03-08 23:03:03.580 [info] > git config --get commit.template [21ms]
2023-03-08 23:03:03.582 [info] > git for-each-ref --format=%(refname)%00%(upstream:short)%00%(objectname)%00%(upstream:track)%00%(upstream:remotename)%00%(upstream:remoteref) refs/heads/patch refs/remotes/patch [3ms]
2023-03-08 23:03:03.596 [info] > git status -z -uall [3ms]
2023-03-08 23:03:49.280 [info] > git config --get commit.template [40ms]
2023-03-08 23:03:49.292 [info] > git for-each-ref --format=%(refname)%00%(upstream:short)%00%(objectname)%00%(upstream:track)%00%(upstream:remotename)%00%(upstream:remoteref) refs/heads/patch refs/remotes/patch [15ms]
2023-03-08 23:03:49.311 [info] > git status -z -uall [4ms]
2023-03-08 23:04:01.618 [info] > git config --get commit.template [18ms]
2023-03-08 23:04:01.622 [info] > git for-each-ref --format=%(refname)%00%(upstream:short)%00%(objectname)%00%(upstream:track)%00%(upstream:remotename)%00%(upstream:remoteref) refs/heads/patch refs/remotes/patch [4ms]
2023-03-08 23:04:01.643 [info] > git status -z -uall [6ms]
2023-03-08 23:04:22.164 [info] > git config --get commit.template [40ms]
2023-03-08 23:04:22.174 [info] > git for-each-ref --format=%(refname)%00%(upstream:short)%00%(objectname)%00%(upstream:track)%00%(upstream:remotename)%00%(upstream:remoteref) refs/heads/patch refs/remotes/patch [14ms]
2023-03-08 23:04:22.194 [info] > git status -z -uall [5ms]
2023-03-08 23:04:38.167 [info] > git config --get commit.template [16ms]
2023-03-08 23:04:38.170 [info] > git for-each-ref --format=%(refname)%00%(upstream:short)%00%(objectname)%00%(upstream:track)%00%(upstream:remotename)%00%(upstream:remoteref) refs/heads/patch refs/remotes/patch [4ms]
2023-03-08 23:04:38.186 [info] > git status -z -uall [4ms]
2023-03-08 23:04:43.247 [info] > git config --get commit.template [28ms]
2023-03-08 23:04:43.252 [info] > git for-each-ref --format=%(refname)%00%(upstream:short)%00%(objectname)%00%(upstream:track)%00%(upstream:remotename)%00%(upstream:remoteref) refs/heads/patch refs/remotes/patch [7ms]
2023-03-08 23:04:43.282 [info] > git status -z -uall [8ms]
2023-03-08 23:05:27.133 [info] > git config --get commit.template [34ms]
2023-03-08 23:05:27.138 [info] > git for-each-ref --format=%(refname)%00%(upstream:short)%00%(objectname)%00%(upstream:track)%00%(upstream:remotename)%00%(upstream:remoteref) refs/heads/patch refs/remotes/patch [8ms]
2023-03-08 23:05:27.172 [info] > git status -z -uall [9ms]
2023-03-08 23:06:24.835 [info] > git config --get commit.template [39ms]
2023-03-08 23:06:24.838 [info] > git for-each-ref --format=%(refname)%00%(upstream:short)%00%(objectname)%00%(upstream:track)%00%(upstream:remotename)%00%(upstream:remoteref) refs/heads/patch refs/remotes/patch [8ms]
2023-03-08 23:06:24.873 [info] > git status -z -uall [8ms]
2023-03-08 23:07:47.957 [info] > git config --get commit.template [14ms]
2023-03-08 23:07:47.961 [info] > git for-each-ref --format=%(refname)%00%(upstream:short)%00%(objectname)%00%(upstream:track)%00%(upstream:remotename)%00%(upstream:remoteref) refs/heads/patch refs/remotes/patch [5ms]
2023-03-08 23:07:47.984 [info] > git status -z -uall [4ms]
2023-03-08 23:07:57.902 [info] > git config --get commit.template [12ms]
2023-03-08 23:07:57.903 [info] > git for-each-ref --format=%(refname)%00%(upstream:short)%00%(objectname)%00%(upstream:track)%00%(upstream:remotename)%00%(upstream:remoteref) refs/heads/patch refs/remotes/patch [2ms]
2023-03-08 23:07:57.913 [info] > git status -z -uall [2ms]
2023-03-08 23:08:16.947 [info] Log level: Info
2023-03-08 23:08:16.948 [info] Validating found git in: "git"
2023-03-08 23:08:16.948 [info] Using git "2.39.2" from "git"
2023-03-08 23:08:16.948 [info] > git rev-parse --show-toplevel [8ms]
2023-03-08 23:08:16.948 [info] > git rev-parse --git-dir --git-common-dir [2ms]
2023-03-08 23:08:16.948 [info] Open repository: /home/i/repos/trade-wars-2002-color-theme
2023-03-08 23:08:16.948 [info] > git rev-parse --show-toplevel [15ms]
2023-03-08 23:08:16.948 [info] > git config --get commit.template [28ms]
2023-03-08 23:08:16.948 [info] > git rev-parse --show-toplevel [22ms]
2023-03-08 23:08:16.948 [info] > git for-each-ref --format=%(refname)%00%(upstream:short)%00%(objectname)%00%(upstream:track)%00%(upstream:remotename)%00%(upstream:remoteref) refs/heads/patch refs/remotes/patch [15ms]
2023-03-08 23:08:16.948 [info] > git status -z -uall [1ms]
2023-03-08 23:08:16.948 [info] > git rev-parse --show-toplevel [30ms]
2023-03-08 23:08:16.948 [info] > git rev-parse --show-toplevel [11ms]
2023-03-08 23:08:16.948 [info] > git config --get commit.template [49ms]
2023-03-08 23:08:16.948 [info] > git rev-parse --show-toplevel [70ms]
2023-03-08 23:08:16.948 [info] > git rev-parse --show-toplevel [57ms]
2023-03-08 23:08:16.948 [info] > git for-each-ref --format=%(refname)%00%(upstream:short)%00%(objectname)%00%(upstream:track)%00%(upstream:remotename)%00%(upstream:remoteref) refs/heads/patch refs/remotes/patch [82ms]
2023-03-08 23:08:16.948 [info] > git status -z -uall [10ms]
2023-03-08 23:08:17.241 [info] > git check-ignore -v -z --stdin [1ms]
2023-03-08 23:08:17.924 [info] > git show --textconv :themes/Trade-Wars-2002-color-theme.json [25ms]
2023-03-08 23:08:17.927 [info] > git ls-files --stage -- /home/i/repos/trade-wars-2002-color-theme/themes/Trade-Wars-2002-color-theme.json [10ms]
2023-03-08 23:09:46.441 [info] > git config --get commit.template [6ms]
2023-03-08 23:09:46.474 [info] > git for-each-ref --format=%(refname)%00%(upstream:short)%00%(objectname)%00%(upstream:track)%00%(upstream:remotename)%00%(upstream:remoteref) refs/heads/patch refs/remotes/patch [7ms]
2023-03-08 23:09:46.513 [info] > git status -z -uall [11ms]
2023-03-08 23:09:46.579 [info] > git ls-files --stage -- /home/i/repos/trade-wars-2002-color-theme/themes/Trade-Wars-2002-color-theme.json [3ms]
2023-03-08 23:09:46.587 [info] > git cat-file -s c0779f87c233a04855c51a3e042a34fd6b495384 [1ms]
2023-03-08 23:09:46.600 [info] > git show --textconv :themes/Trade-Wars-2002-color-theme.json [1ms]
2023-03-08 23:12:38.674 [info] > git config --get commit.template [23ms]
2023-03-08 23:12:38.675 [info] > git for-each-ref --format=%(refname)%00%(upstream:short)%00%(objectname)%00%(upstream:track)%00%(upstream:remotename)%00%(upstream:remoteref) refs/heads/patch refs/remotes/patch [4ms]
2023-03-08 23:12:38.690 [info] > git status -z -uall [3ms]
2023-03-08 23:13:02.204 [info] > git config --get commit.template [12ms]
2023-03-08 23:13:02.207 [info] > git for-each-ref --format=%(refname)%00%(upstream:short)%00%(objectname)%00%(upstream:track)%00%(upstream:remotename)%00%(upstream:remoteref) refs/heads/patch refs/remotes/patch [4ms]
2023-03-08 23:13:02.220 [info] > git status -z -uall [1ms]
2023-03-08 23:13:44.644 [info] > git config --get commit.template [27ms]
2023-03-08 23:13:44.646 [info] > git for-each-ref --format=%(refname)%00%(upstream:short)%00%(objectname)%00%(upstream:track)%00%(upstream:remotename)%00%(upstream:remoteref) refs/heads/patch refs/remotes/patch [6ms]
2023-03-08 23:13:44.680 [info] > git status -z -uall [11ms]
2023-03-08 23:16:18.266 [info] > git config --get commit.template [15ms]
2023-03-08 23:16:18.266 [info] > git for-each-ref --format=%(refname)%00%(upstream:short)%00%(objectname)%00%(upstream:track)%00%(upstream:remotename)%00%(upstream:remoteref) refs/heads/patch refs/remotes/patch [3ms]
2023-03-08 23:16:18.279 [info] > git status -z -uall [4ms]
2023-03-08 23:16:48.223 [info] > git config --get commit.template [9ms]
2023-03-08 23:16:48.223 [info] > git for-each-ref --format=%(refname)%00%(upstream:short)%00%(objectname)%00%(upstream:track)%00%(upstream:remotename)%00%(upstream:remoteref) refs/heads/patch refs/remotes/patch [2ms]
2023-03-08 23:16:48.231 [info] > git status -z -uall [2ms]
2023-03-08 23:17:22.507 [info] > git config --get commit.template [21ms]
2023-03-08 23:17:22.509 [info] > git for-each-ref --format=%(refname)%00%(upstream:short)%00%(objectname)%00%(upstream:track)%00%(upstream:remotename)%00%(upstream:remoteref) refs/heads/patch refs/remotes/patch [3ms]
2023-03-08 23:17:22.523 [info] > git status -z -uall [4ms]
2023-03-08 23:17:36.506 [info] > git config --get commit.template [26ms]
2023-03-08 23:17:36.510 [info] > git for-each-ref --format=%(refname)%00%(upstream:short)%00%(objectname)%00%(upstream:track)%00%(upstream:remotename)%00%(upstream:remoteref) refs/heads/patch refs/remotes/patch [7ms]
2023-03-08 23:17:36.528 [info] > git status -z -uall [4ms]
2023-03-08 23:18:14.111 [info] Log level: Info
2023-03-08 23:18:14.111 [info] Validating found git in: "git"
2023-03-08 23:18:14.111 [info] Using git "2.39.2" from "git"
2023-03-08 23:18:14.111 [info] > git rev-parse --show-toplevel [6ms]
2023-03-08 23:18:14.111 [info] > git rev-parse --git-dir --git-common-dir [1ms]
2023-03-08 23:18:14.112 [info] Open repository: /home/i/repos/trade-wars-2002-color-theme
2023-03-08 23:18:14.112 [info] > git rev-parse --show-toplevel [13ms]
2023-03-08 23:18:14.112 [info] > git config --get commit.template [13ms]
2023-03-08 23:18:14.112 [info] > git rev-parse --show-toplevel [10ms]
2023-03-08 23:18:14.112 [info] > git for-each-ref --format=%(refname)%00%(upstream:short)%00%(objectname)%00%(upstream:track)%00%(upstream:remotename)%00%(upstream:remoteref) refs/heads/patch refs/remotes/patch [11ms]
2023-03-08 23:18:14.112 [info] > git rev-parse --show-toplevel [14ms]
2023-03-08 23:18:14.112 [info] > git status -z -uall [12ms]
2023-03-08 23:18:14.112 [info] > git rev-parse --show-toplevel [22ms]
2023-03-08 23:18:14.112 [info] > git rev-parse --show-toplevel [48ms]
2023-03-08 23:18:14.112 [info] > git config --get commit.template [63ms]
2023-03-08 23:18:14.112 [info] > git rev-parse --show-toplevel [27ms]
2023-03-08 23:18:14.112 [info] > git for-each-ref --format=%(refname)%00%(upstream:short)%00%(objectname)%00%(upstream:track)%00%(upstream:remotename)%00%(upstream:remoteref) refs/heads/patch refs/remotes/patch [9ms]
2023-03-08 23:18:14.112 [info] > git status -z -uall [5ms]
2023-03-08 23:18:14.504 [info] > git check-ignore -v -z --stdin [1ms]
2023-03-08 23:18:14.726 [info] > git show --textconv :themes/Trade-Wars-2002-color-theme.json [7ms]
2023-03-08 23:18:14.727 [info] > git ls-files --stage -- /home/i/repos/trade-wars-2002-color-theme/themes/Trade-Wars-2002-color-theme.json [2ms]
2023-03-08 23:18:14.736 [info] > git cat-file -s c0779f87c233a04855c51a3e042a34fd6b495384 [2ms]
2023-03-08 23:21:29.996 [info] > git config --get commit.template [15ms]
2023-03-08 23:21:29.997 [info] > git for-each-ref --format=%(refname)%00%(upstream:short)%00%(objectname)%00%(upstream:track)%00%(upstream:remotename)%00%(upstream:remoteref) refs/heads/patch refs/remotes/patch [2ms]
2023-03-08 23:21:30.007 [info] > git status -z -uall [3ms]
2023-03-08 23:21:38.649 [info] > git config --get commit.template [28ms]
2023-03-08 23:21:38.650 [info] > git for-each-ref --format=%(refname)%00%(upstream:short)%00%(objectname)%00%(upstream:track)%00%(upstream:remotename)%00%(upstream:remoteref) refs/heads/patch refs/remotes/patch [5ms]
2023-03-08 23:21:38.663 [info] > git status -z -uall [4ms]
2023-03-08 23:21:50.540 [info] > git add -A -- /home/i/repos/trade-wars-2002-color-theme/themes/Trade-Wars-2002-color-theme.json [10ms]
2023-03-08 23:21:50.568 [info] > git config --get commit.template [13ms]
2023-03-08 23:21:50.570 [info] > git for-each-ref --format=%(refname)%00%(upstream:short)%00%(objectname)%00%(upstream:track)%00%(upstream:remotename)%00%(upstream:remoteref) refs/heads/patch refs/remotes/patch [3ms]
2023-03-08 23:21:50.580 [info] > git status -z -uall [3ms]
2023-03-08 23:21:51.658 [info] > git config --get commit.template [19ms]
2023-03-08 23:21:51.660 [info] > git for-each-ref --format=%(refname)%00%(upstream:short)%00%(objectname)%00%(upstream:track)%00%(upstream:remotename)%00%(upstream:remoteref) refs/heads/patch refs/remotes/patch [3ms]
2023-03-08 23:21:51.671 [info] > git status -z -uall [4ms]
2023-03-08 23:21:51.768 [info] > git ls-files --stage -- /home/i/repos/trade-wars-2002-color-theme/themes/Trade-Wars-2002-color-theme.json [11ms]
2023-03-08 23:21:51.790 [info] > git cat-file -s 890ddb3ee06b42bfda066db565cf1452704ace25 [4ms]
2023-03-08 23:21:51.822 [info] > git show --textconv :themes/Trade-Wars-2002-color-theme.json [2ms]
2023-03-08 23:22:03.070 [info] Log level: Info
2023-03-08 23:22:03.070 [info] Validating found git in: "git"
2023-03-08 23:22:03.070 [info] Using git "2.39.2" from "git"
2023-03-08 23:22:03.070 [info] > git rev-parse --show-toplevel [2ms]
2023-03-08 23:22:03.070 [info] > git rev-parse --git-dir --git-common-dir [2ms]
2023-03-08 23:22:03.070 [info] Open repository: /home/i/repos/trade-wars-2002-color-theme
2023-03-08 23:22:03.070 [info] > git rev-parse --show-toplevel [9ms]
2023-03-08 23:22:03.070 [info] > git config --get commit.template [7ms]
2023-03-08 23:22:03.070 [info] > git rev-parse --show-toplevel [3ms]
2023-03-08 23:22:03.070 [info] > git rev-parse --show-toplevel [9ms]
2023-03-08 23:22:03.070 [info] > git for-each-ref --format=%(refname)%00%(upstream:short)%00%(objectname)%00%(upstream:track)%00%(upstream:remotename)%00%(upstream:remoteref) refs/heads/patch refs/remotes/patch [17ms]
2023-03-08 23:22:03.070 [info] > git rev-parse --show-toplevel [18ms]
2023-03-08 23:22:03.070 [info] > git status -z -uall [10ms]
2023-03-08 23:22:03.070 [info] > git rev-parse --show-toplevel [15ms]
2023-03-08 23:22:03.070 [info] > git config --get commit.template [29ms]
2023-03-08 23:22:03.070 [info] > git for-each-ref --format=%(refname)%00%(upstream:short)%00%(objectname)%00%(upstream:track)%00%(upstream:remotename)%00%(upstream:remoteref) refs/heads/patch refs/remotes/patch [2ms]
2023-03-08 23:22:03.070 [info] > git status -z -uall [3ms]
2023-03-08 23:22:03.513 [info] > git check-ignore -v -z --stdin [5ms]
2023-03-08 23:22:06.379 [info] > git show --textconv :themes/Trade-Wars-2002-color-theme.json [13ms]
2023-03-08 23:22:06.379 [info] > git ls-files --stage -- /home/i/repos/trade-wars-2002-color-theme/themes/Trade-Wars-2002-color-theme.json [2ms]
2023-03-08 23:22:06.396 [info] > git cat-file -s 890ddb3ee06b42bfda066db565cf1452704ace25 [4ms]
2023-03-08 23:22:54.746 [info] > git config --get commit.template [20ms]
2023-03-08 23:22:54.748 [info] > git for-each-ref --format=%(refname)%00%(upstream:short)%00%(objectname)%00%(upstream:track)%00%(upstream:remotename)%00%(upstream:remoteref) refs/heads/patch refs/remotes/patch [3ms]
2023-03-08 23:22:54.758 [info] > git status -z -uall [3ms]
2023-03-08 23:23:12.904 [info] > git config --get commit.template [25ms]
2023-03-08 23:23:12.907 [info] > git for-each-ref --format=%(refname)%00%(upstream:short)%00%(objectname)%00%(upstream:track)%00%(upstream:remotename)%00%(upstream:remoteref) refs/heads/patch refs/remotes/patch [6ms]
2023-03-08 23:23:12.925 [info] > git status -z -uall [5ms]
2023-03-08 23:23:28.314 [info] > git config --get commit.template [13ms]
2023-03-08 23:23:28.315 [info] > git for-each-ref --format=%(refname)%00%(upstream:short)%00%(objectname)%00%(upstream:track)%00%(upstream:remotename)%00%(upstream:remoteref) refs/heads/patch refs/remotes/patch [2ms]
2023-03-08 23:23:28.325 [info] > git status -z -uall [3ms]
2023-03-08 23:24:08.393 [info] > git config --get commit.template [31ms]
2023-03-08 23:24:08.395 [info] > git for-each-ref --format=%(refname)%00%(upstream:short)%00%(objectname)%00%(upstream:track)%00%(upstream:remotename)%00%(upstream:remoteref) refs/heads/patch refs/remotes/patch [6ms]
2023-03-08 23:24:08.432 [info] > git status -z -uall [11ms]
2023-03-08 23:24:23.245 [info] > git config --get commit.template [23ms]
2023-03-08 23:24:23.247 [info] > git for-each-ref --format=%(refname)%00%(upstream:short)%00%(objectname)%00%(upstream:track)%00%(upstream:remotename)%00%(upstream:remoteref) refs/heads/patch refs/remotes/patch [5ms]
2023-03-08 23:24:23.267 [info] > git status -z -uall [5ms]
2023-03-08 23:24:47.981 [info] > git config --get commit.template [34ms]
2023-03-08 23:24:47.986 [info] > git for-each-ref --format=%(refname)%00%(upstream:short)%00%(objectname)%00%(upstream:track)%00%(upstream:remotename)%00%(upstream:remoteref) refs/heads/patch refs/remotes/patch [8ms]
2023-03-08 23:24:48.030 [info] > git status -z -uall [12ms]
2023-03-08 23:25:31.428 [info] > git config --get commit.template [9ms]
2023-03-08 23:25:31.430 [info] > git for-each-ref --format=%(refname)%00%(upstream:short)%00%(objectname)%00%(upstream:track)%00%(upstream:remotename)%00%(upstream:remoteref) refs/heads/patch refs/remotes/patch [4ms]
2023-03-08 23:25:31.443 [info] > git status -z -uall [4ms]
2023-03-08 23:26:04.750 [info] > git config --get commit.template [11ms]
2023-03-08 23:26:04.751 [info] > git for-each-ref --format=%(refname)%00%(upstream:short)%00%(objectname)%00%(upstream:track)%00%(upstream:remotename)%00%(upstream:remoteref) refs/heads/patch refs/remotes/patch [3ms]
2023-03-08 23:26:04.763 [info] > git status -z -uall [4ms]
2023-03-08 23:26:09.946 [info] > git config --get commit.template [13ms]
2023-03-08 23:26:09.947 [info] > git for-each-ref --format=%(refname)%00%(upstream:short)%00%(objectname)%00%(upstream:track)%00%(upstream:remotename)%00%(upstream:remoteref) refs/heads/patch refs/remotes/patch [3ms]
2023-03-08 23:26:09.959 [info] > git status -z -uall [4ms]
2023-03-08 23:26:16.839 [info] > git config --get commit.template [35ms]
2023-03-08 23:26:16.843 [info] > git for-each-ref --format=%(refname)%00%(upstream:short)%00%(objectname)%00%(upstream:track)%00%(upstream:remotename)%00%(upstream:remoteref) refs/heads/patch refs/remotes/patch [7ms]
2023-03-08 23:26:16.870 [info] > git status -z -uall [7ms]
2023-03-08 23:26:26.451 [info] Log level: Info
2023-03-08 23:26:26.451 [info] Validating found git in: "git"
2023-03-08 23:26:26.451 [info] Using git "2.39.2" from "git"
2023-03-08 23:26:26.451 [info] > git rev-parse --show-toplevel [5ms]
2023-03-08 23:26:26.451 [info] > git rev-parse --git-dir --git-common-dir [2ms]
2023-03-08 23:26:26.451 [info] Open repository: /home/i/repos/trade-wars-2002-color-theme
2023-03-08 23:26:26.451 [info] > git rev-parse --show-toplevel [14ms]
2023-03-08 23:26:26.451 [info] > git config --get commit.template [10ms]
2023-03-08 23:26:26.451 [info] > git rev-parse --show-toplevel [16ms]
2023-03-08 23:26:26.451 [info] > git for-each-ref --format=%(refname)%00%(upstream:short)%00%(objectname)%00%(upstream:track)%00%(upstream:remotename)%00%(upstream:remoteref) refs/heads/patch refs/remotes/patch [10ms]
2023-03-08 23:26:26.451 [info] > git rev-parse --show-toplevel [11ms]
2023-03-08 23:26:26.451 [info] > git status -z -uall [16ms]
2023-03-08 23:26:26.451 [info] > git rev-parse --show-toplevel [32ms]
2023-03-08 23:26:26.451 [info] > git rev-parse --show-toplevel [60ms]
2023-03-08 23:26:26.451 [info] > git config --get commit.template [89ms]
2023-03-08 23:26:26.452 [info] > git for-each-ref --format=%(refname)%00%(upstream:short)%00%(objectname)%00%(upstream:track)%00%(upstream:remotename)%00%(upstream:remoteref) refs/heads/patch refs/remotes/patch [3ms]
2023-03-08 23:26:26.461 [info] > git rev-parse --show-toplevel [26ms]
2023-03-08 23:26:26.464 [info] > git status -z -uall [4ms]
2023-03-08 23:26:26.909 [info] > git check-ignore -v -z --stdin [5ms]
2023-03-08 23:26:27.016 [info] > git show --textconv :themes/Trade-Wars-2002-color-theme.json [8ms]
2023-03-08 23:26:27.017 [info] > git ls-files --stage -- /home/i/repos/trade-wars-2002-color-theme/themes/Trade-Wars-2002-color-theme.json [2ms]
2023-03-08 23:26:27.024 [info] > git cat-file -s 890ddb3ee06b42bfda066db565cf1452704ace25 [2ms]
2023-03-08 23:27:32.660 [info] > git for-each-ref --format=%(refname)%00%(upstream:short)%00%(objectname)%00%(upstream:track)%00%(upstream:remotename)%00%(upstream:remoteref) refs/heads/patch refs/remotes/patch [5ms]
2023-03-08 23:27:32.661 [info] > git config --get commit.template [27ms]
2023-03-08 23:27:32.672 [info] > git status -z -uall [3ms]
2023-03-08 23:27:55.467 [info] > git config --get commit.template [41ms]
2023-03-08 23:27:55.469 [info] > git for-each-ref --format=%(refname)%00%(upstream:short)%00%(objectname)%00%(upstream:track)%00%(upstream:remotename)%00%(upstream:remoteref) refs/heads/patch refs/remotes/patch [10ms]
2023-03-08 23:27:55.498 [info] > git status -z -uall [6ms]
2023-03-08 23:28:00.549 [info] > git config --get commit.template [19ms]
2023-03-08 23:28:00.551 [info] > git for-each-ref --format=%(refname)%00%(upstream:short)%00%(objectname)%00%(upstream:track)%00%(upstream:remotename)%00%(upstream:remoteref) refs/heads/patch refs/remotes/patch [4ms]
2023-03-08 23:28:00.566 [info] > git status -z -uall [4ms]
2023-03-08 23:28:15.242 [info] Log level: Info
2023-03-08 23:28:15.242 [info] Validating found git in: "git"
2023-03-08 23:28:15.242 [info] Using git "2.39.2" from "git"
2023-03-08 23:28:15.242 [info] > git rev-parse --show-toplevel [4ms]
2023-03-08 23:28:15.242 [info] > git rev-parse --git-dir --git-common-dir [2ms]
2023-03-08 23:28:15.242 [info] Open repository: /home/i/repos/trade-wars-2002-color-theme
2023-03-08 23:28:15.242 [info] > git rev-parse --show-toplevel [9ms]
2023-03-08 23:28:15.242 [info] > git config --get commit.template [11ms]
2023-03-08 23:28:15.242 [info] > git rev-parse --show-toplevel [15ms]
2023-03-08 23:28:15.242 [info] > git for-each-ref --format=%(refname)%00%(upstream:short)%00%(objectname)%00%(upstream:track)%00%(upstream:remotename)%00%(upstream:remoteref) refs/heads/patch refs/remotes/patch [9ms]
2023-03-08 23:28:15.242 [info] > git rev-parse --show-toplevel [11ms]
2023-03-08 23:28:15.242 [info] > git status -z -uall [8ms]
2023-03-08 23:28:15.242 [info] > git rev-parse --show-toplevel [29ms]
2023-03-08 23:28:15.242 [info] > git rev-parse --show-toplevel [33ms]
2023-03-08 23:28:15.242 [info] > git config --get commit.template [43ms]
2023-03-08 23:28:15.242 [info] > git for-each-ref --format=%(refname)%00%(upstream:short)%00%(objectname)%00%(upstream:track)%00%(upstream:remotename)%00%(upstream:remoteref) refs/heads/patch refs/remotes/patch [5ms]
2023-03-08 23:28:15.245 [info] > git status -z -uall [3ms]
2023-03-08 23:28:15.712 [info] > git check-ignore -v -z --stdin [2ms]
2023-03-08 23:28:20.242 [info] > git show --textconv :themes/Trade-Wars-2002-color-theme.json [16ms]
2023-03-08 23:28:20.254 [info] > git ls-files --stage -- /home/i/repos/trade-wars-2002-color-theme/themes/Trade-Wars-2002-color-theme.json [20ms]
2023-03-08 23:28:20.275 [info] > git cat-file -s 890ddb3ee06b42bfda066db565cf1452704ace25 [7ms]
2023-03-08 23:29:31.439 [info] > git config --get commit.template [31ms]
2023-03-08 23:29:31.442 [info] > git for-each-ref --format=%(refname)%00%(upstream:short)%00%(objectname)%00%(upstream:track)%00%(upstream:remotename)%00%(upstream:remoteref) refs/heads/patch refs/remotes/patch [8ms]
2023-03-08 23:29:31.458 [info] > git status -z -uall [4ms]
2023-03-08 23:29:59.612 [info] > git config --get commit.template [14ms]
2023-03-08 23:29:59.613 [info] > git for-each-ref --format=%(refname)%00%(upstream:short)%00%(objectname)%00%(upstream:track)%00%(upstream:remotename)%00%(upstream:remoteref) refs/heads/patch refs/remotes/patch [3ms]
2023-03-08 23:29:59.630 [info] > git status -z -uall [5ms]
2023-03-08 23:30:47.833 [info] > git config --get commit.template [39ms]
2023-03-08 23:30:47.837 [info] > git for-each-ref --format=%(refname)%00%(upstream:short)%00%(objectname)%00%(upstream:track)%00%(upstream:remotename)%00%(upstream:remoteref) refs/heads/patch refs/remotes/patch [9ms]
2023-03-08 23:30:47.855 [info] > git status -z -uall [5ms]
2023-03-08 23:30:54.303 [info] > git config --get commit.template [20ms]
2023-03-08 23:30:54.305 [info] > git for-each-ref --format=%(refname)%00%(upstream:short)%00%(objectname)%00%(upstream:track)%00%(upstream:remotename)%00%(upstream:remoteref) refs/heads/patch refs/remotes/patch [5ms]
2023-03-08 23:30:54.330 [info] > git status -z -uall [7ms]
2023-03-08 23:31:06.521 [info] Log level: Info
2023-03-08 23:31:06.521 [info] Validating found git in: "git"
2023-03-08 23:31:06.521 [info] Using git "2.39.2" from "git"
2023-03-08 23:31:06.521 [info] > git rev-parse --show-toplevel [4ms]
2023-03-08 23:31:06.521 [info] > git rev-parse --git-dir --git-common-dir [2ms]
2023-03-08 23:31:06.521 [info] Open repository: /home/i/repos/trade-wars-2002-color-theme
2023-03-08 23:31:06.521 [info] > git rev-parse --show-toplevel [9ms]
2023-03-08 23:31:06.521 [info] > git config --get commit.template [11ms]
2023-03-08 23:31:06.521 [info] > git rev-parse --show-toplevel [13ms]
2023-03-08 23:31:06.521 [info] > git for-each-ref --format=%(refname)%00%(upstream:short)%00%(objectname)%00%(upstream:track)%00%(upstream:remotename)%00%(upstream:remoteref) refs/heads/patch refs/remotes/patch [13ms]
2023-03-08 23:31:06.521 [info] > git status -z -uall [1ms]
2023-03-08 23:31:06.521 [info] > git rev-parse --show-toplevel [22ms]
2023-03-08 23:31:06.521 [info] > git config --get commit.template [62ms]
2023-03-08 23:31:06.521 [info] > git rev-parse --show-toplevel [72ms]
2023-03-08 23:31:06.521 [info] > git rev-parse --show-toplevel [13ms]
2023-03-08 23:31:06.521 [info] > git for-each-ref --format=%(refname)%00%(upstream:short)%00%(objectname)%00%(upstream:track)%00%(upstream:remotename)%00%(upstream:remoteref) refs/heads/patch refs/remotes/patch [12ms]
2023-03-08 23:31:06.521 [info] > git rev-parse --show-toplevel [10ms]
2023-03-08 23:31:06.521 [info] > git status -z -uall [7ms]
2023-03-08 23:31:06.882 [info] > git check-ignore -v -z --stdin [4ms]
2023-03-08 23:31:07.120 [info] > git show --textconv :themes/Trade-Wars-2002-color-theme.json [14ms]
2023-03-08 23:31:07.121 [info] > git ls-files --stage -- /home/i/repos/trade-wars-2002-color-theme/themes/Trade-Wars-2002-color-theme.json [7ms]
2023-03-08 23:31:07.129 [info] > git cat-file -s 890ddb3ee06b42bfda066db565cf1452704ace25 [2ms]
2023-03-08 23:34:42.477 [info] > git show --textconv :README.md [11ms]
2023-03-08 23:34:42.484 [info] > git ls-files --stage -- /home/i/repos/trade-wars-2002-color-theme/README.md [7ms]
2023-03-08 23:34:42.515 [info] > git cat-file -s 13fb069352be0b31d7a19a74d27cae6cca4e3964 [2ms]
2023-03-08 23:37:06.861 [info] > git show --textconv :package.json [10ms]
2023-03-08 23:37:06.863 [info] > git ls-files --stage -- /home/i/repos/trade-wars-2002-color-theme/package.json [4ms]
2023-03-08 23:37:06.873 [info] > git cat-file -s 8e19a00602b00841e5bf5057b2233326ff600fdd [4ms]
2023-03-08 23:41:23.850 [info] > git config --get commit.template [12ms]
2023-03-08 23:41:23.851 [info] > git for-each-ref --format=%(refname)%00%(upstream:short)%00%(objectname)%00%(upstream:track)%00%(upstream:remotename)%00%(upstream:remoteref) refs/heads/patch refs/remotes/patch [4ms]
2023-03-08 23:41:23.866 [info] > git status -z -uall [4ms]
2023-03-08 23:41:23.977 [info] > git ls-files --stage -- /home/i/repos/trade-wars-2002-color-theme/package.json [9ms]
2023-03-08 23:41:23.987 [info] > git ls-files --stage -- /home/i/repos/trade-wars-2002-color-theme/README.md [30ms]
2023-03-08 23:41:23.995 [info] > git ls-files --stage -- /home/i/repos/trade-wars-2002-color-theme/themes/Trade-Wars-2002-color-theme.json [50ms]
2023-03-08 23:41:24.004 [info] > git cat-file -s 13fb069352be0b31d7a19a74d27cae6cca4e3964 [9ms]
2023-03-08 23:41:24.005 [info] > git cat-file -s 8e19a00602b00841e5bf5057b2233326ff600fdd [19ms]
2023-03-08 23:41:24.005 [info] > git cat-file -s c52feada44a04814161537cbb335fc23cc96a5f5 [2ms]
2023-03-08 23:41:24.026 [info] > git show --textconv :README.md [14ms]
2023-03-08 23:41:24.026 [info] > git show --textconv :package.json [6ms]
2023-03-08 23:41:24.028 [info] > git show --textconv :themes/Trade-Wars-2002-color-theme.json [2ms]
2023-03-08 23:41:59.027 [info] > git config --get commit.template [8ms]
2023-03-08 23:41:59.028 [info] > git for-each-ref --format=%(refname)%00%(upstream:short)%00%(objectname)%00%(upstream:track)%00%(upstream:remotename)%00%(upstream:remoteref) refs/heads/patch refs/remotes/patch [2ms]
2023-03-08 23:41:59.036 [info] > git status -z -uall [1ms]
2023-03-08 23:41:59.146 [info] > git ls-files --stage -- /home/i/repos/trade-wars-2002-color-theme/README.md [8ms]
2023-03-08 23:41:59.152 [info] > git ls-files --stage -- /home/i/repos/trade-wars-2002-color-theme/themes/Trade-Wars-2002-color-theme.json [22ms]
2023-03-08 23:41:59.160 [info] > git cat-file -s 13fb069352be0b31d7a19a74d27cae6cca4e3964 [9ms]
2023-03-08 23:41:59.161 [info] > git ls-files --stage -- /home/i/repos/trade-wars-2002-color-theme/package.json [16ms]
2023-03-08 23:41:59.167 [info] > git cat-file -s c52feada44a04814161537cbb335fc23cc96a5f5 [8ms]
2023-03-08 23:41:59.168 [info] > git cat-file -s 8e19a00602b00841e5bf5057b2233326ff600fdd [2ms]
2023-03-08 23:41:59.193 [info] > git show --textconv :README.md [16ms]
2023-03-08 23:41:59.193 [info] > git show --textconv :themes/Trade-Wars-2002-color-theme.json [7ms]
2023-03-08 23:41:59.195 [info] > git show --textconv :package.json [3ms]
2023-03-08 23:42:08.605 [info] > git log --oneline --cherry patch...patch@{upstream} -- [2ms]
2023-03-08 23:42:09.384 [info] > git pull --tags origin patch [772ms]
2023-03-08 23:42:09.384 [info] From https://github.com/pabrams/trade-wars-2002-color-theme
 * branch            patch      -> FETCH_HEAD
2023-03-08 23:42:13.072 [info] > git ls-files --stage -- /home/i/repos/trade-wars-2002-color-theme/package.json [2ms]
2023-03-08 23:42:13.081 [info] > git ls-files --stage -- /home/i/repos/trade-wars-2002-color-theme/README.md [17ms]
2023-03-08 23:42:13.087 [info] > git ls-files --stage -- /home/i/repos/trade-wars-2002-color-theme/themes/Trade-Wars-2002-color-theme.json [32ms]
2023-03-08 23:42:13.101 [info] > git cat-file -s 13fb069352be0b31d7a19a74d27cae6cca4e3964 [14ms]
2023-03-08 23:42:13.102 [info] > git cat-file -s 8e19a00602b00841e5bf5057b2233326ff600fdd [21ms]
2023-03-08 23:42:13.102 [info] > git cat-file -s c52feada44a04814161537cbb335fc23cc96a5f5 [7ms]
2023-03-08 23:42:13.130 [info] > git show --textconv :README.md [18ms]
2023-03-08 23:42:13.130 [info] > git show --textconv :package.json [11ms]
2023-03-08 23:42:13.130 [info] > git show --textconv :themes/Trade-Wars-2002-color-theme.json [1ms]
