[Trace 11:32:47.677] VsCodeClientWorkspace: TextDocument.onDidOpen: file:///home/i/repos/trade-wars-2002-color-theme/README.md
[Trace 11:32:47.679] VsCodeClientWorkspace: TextDocument.onDidChanceContent: file:///home/i/repos/trade-wars-2002-color-theme/README.md
[Trace 11:32:47.685] Server: connection.languages.diagnostics.on: file:///home/i/repos/trade-wars-2002-color-theme/README.md
[Trace 11:32:47.688] Server: connection.languages.diagnostics.on: file:///home/i/repos/trade-wars-2002-color-theme/README.md
[Trace 11:32:47.719] DocumentSymbolProvider: provideDocumentSymbols — file:///home/i/repos/trade-wars-2002-color-theme/README.md 1
[Debug 11:32:47.720] LinkProvider: compute - file:///home/i/repos/trade-wars-2002-color-theme/README.md
[Debug 11:32:47.929] TableOfContentsProvider: create - file:///home/i/repos/trade-wars-2002-color-theme/README.md
[Debug 11:32:47.936] MdFoldingProvider: provideFoldingRanges — file:///home/i/repos/trade-wars-2002-color-theme/README.md 1
[Trace 11:33:06.846] VsCodeClientWorkspace: TextDocument.onDidClose: file:///home/i/repos/trade-wars-2002-color-theme/README.md
[Trace 11:33:06.846] VsCodeClientWorkspace: deleteDocument: file:///home/i/repos/trade-wars-2002-color-theme/README.md
[Trace 11:51:22.124] Server: connection.languages.diagnostics.on: file:///home/i/repos/trade-wars-2002-color-theme/vsc-extension-quickstart.md
[Trace 11:51:22.185] VsCodeClientWorkspace: TextDocument.onDidOpen: file:///home/i/repos/trade-wars-2002-color-theme/vsc-extension-quickstart.md
[Trace 11:51:22.186] VsCodeClientWorkspace: TextDocument.onDidChanceContent: file:///home/i/repos/trade-wars-2002-color-theme/vsc-extension-quickstart.md
[Trace 11:51:22.186] Server: connection.languages.diagnostics.on: file:///home/i/repos/trade-wars-2002-color-theme/vsc-extension-quickstart.md
[Trace 11:51:22.187] DocumentSymbolProvider: provideDocumentSymbols — file:///home/i/repos/trade-wars-2002-color-theme/vsc-extension-quickstart.md 1
[Debug 11:51:22.187] LinkProvider: compute - file:///home/i/repos/trade-wars-2002-color-theme/vsc-extension-quickstart.md
[Trace 11:51:22.188] Server: connection.languages.diagnostics.on: file:///home/i/repos/trade-wars-2002-color-theme/vsc-extension-quickstart.md
[Debug 11:51:22.204] TableOfContentsProvider: create - file:///home/i/repos/trade-wars-2002-color-theme/vsc-extension-quickstart.md
[Debug 11:51:22.365] MdFoldingProvider: provideFoldingRanges — file:///home/i/repos/trade-wars-2002-color-theme/vsc-extension-quickstart.md 1
[Trace 11:51:25.046] VsCodeClientWorkspace: TextDocument.onDidClose: file:///home/i/repos/trade-wars-2002-color-theme/vsc-extension-quickstart.md
[Trace 11:51:25.046] VsCodeClientWorkspace: deleteDocument: file:///home/i/repos/trade-wars-2002-color-theme/vsc-extension-quickstart.md
